@!@!@STARTMSG 2262:0 @!@!@
TLC2 Version 2.12 of 29 January 2018
@!@!@ENDMSG 2262 @!@!@
@!@!@STARTMSG 2187:0 @!@!@
Running breadth-first search Model-Checking with 4 workers on 8 cores with 1214MB heap and 2730MB offheap memory (Mac OS X 10.13 x86_64, Oracle Corporation 1.8.0_144 x86_64).
@!@!@ENDMSG 2187 @!@!@
@!@!@STARTMSG 2220:0 @!@!@
Starting SANY...
@!@!@ENDMSG 2220 @!@!@
Parsing file /Users/ridhm/Desktop/TLAPlusPractise/Distributed Computing/Chapter 5/SimpleSpannningTree.toolbox/Model_1/MC.tla
Parsing file /Users/ridhm/Desktop/TLAPlusPractise/Distributed Computing/Chapter 5/SimpleSpannningTree.toolbox/Model_1/SimpleSpannningTree.tla
Parsing file /Users/ridhm/Desktop/TLA+ Toolbox.app/Contents/Eclipse/plugins/org.lamport.tlatools_1.0.0.201801291236/tla2sany/StandardModules/TLC.tla
Parsing file /Users/ridhm/Desktop/TLA+ Toolbox.app/Contents/Eclipse/plugins/org.lamport.tlatools_1.0.0.201801291236/tla2sany/StandardModules/Naturals.tla
Parsing file /Users/ridhm/Desktop/TLA+ Toolbox.app/Contents/Eclipse/plugins/org.lamport.tlatools_1.0.0.201801291236/tla2sany/StandardModules/FiniteSets.tla
Parsing file /Users/ridhm/Desktop/TLA+ Toolbox.app/Contents/Eclipse/plugins/org.lamport.tlatools_1.0.0.201801291236/tla2sany/StandardModules/Sequences.tla
Semantic processing of module Naturals
Semantic processing of module Sequences
Semantic processing of module FiniteSets
Semantic processing of module TLC
Semantic processing of module SimpleSpannningTree
Semantic processing of module MC
@!@!@STARTMSG 2219:0 @!@!@
SANY finished.
@!@!@ENDMSG 2219 @!@!@
@!@!@STARTMSG 2185:0 @!@!@
Starting... (2018-05-16 05:33:28)
@!@!@ENDMSG 2185 @!@!@
@!@!@STARTMSG 2189:0 @!@!@
Computing initial states...
@!@!@ENDMSG 2189 @!@!@
@!@!@STARTMSG 2190:0 @!@!@
Finished computing initial states: 1 distinct state generated.
@!@!@ENDMSG 2190 @!@!@
<<{1, 2, 3, 4, 5}, <<2, NoVal, 1, 3, 4>>>>  TRUE
<<{1, 2, 3, 4, 5}, <<NoVal, 1, 2, 3, 4>>>>  TRUE
<<{1, 2, 3, 4, 5}, <<NoVal, 1, 4, 2, 3>>>>  TRUE
<<{1, 2, 3, 4, 5}, <<NoVal, 1, 2, 5, 3>>>>  TRUE
<<{2, 3, 4, 5}, {}>>  TRUE
<<{1, 3, 4, 5}, {}>>  TRUE
<<{2, 3, 4, 5}, {}>>  TRUE
<<{2, 3, 4, 5}, {}>>  TRUE
<<{1, 2, 3, 4, 5}, <<2, NoVal, 1, 3, 4>>>>  TRUE
<<{1, 2, 3, 4, 5}, <<NoVal, 1, 2, 3, 4>>>>  TRUE
<<{1, 2, 3, 4, 5}, <<NoVal, 1, 2, 5, 3>>>>  TRUE
<<{1, 3, 4, 5}, {}>>  TRUE
<<{2, 3, 4, 5}, {}>>  TRUE
<<{1, 2, 3, 4, 5}, <<NoVal, 1, 4, 2, 3>>>>  TRUE
<<{2, 3, 4, 5}, {}>>  TRUE
<<{1, 2, 3, 4, 5}, <<2, NoVal, 1, 3, 4>>>>  TRUE
<<{2, 3, 4, 5}, {}>>  TRUE
<<{1, 2, 3, 4, 5}, <<NoVal, 1, 2, 3, 4>>>>  TRUE
<<{1, 2, 3, 4, 5}, <<NoVal, 1, 2, 5, 3>>>>  TRUE
<<{2, 3, 4, 5}, {}>>  TRUE
<<{1, 3, 4, 5}, {}>>  TRUE
<<{1, 2, 3, 4, 5}, <<NoVal, 1, 4, 2, 3>>>>  TRUE
<<{2, 3, 4, 5}, {}>>  TRUE
<<{2, 3, 4, 5}, {}>>  TRUE
<<{1, 2, 3, 4, 5}, <<NoVal, 1, 2, 3, 4>>>>  TRUE
<<{1, 2, 3, 4, 5}, <<2, NoVal, 1, 3, 4>>>>  TRUE
<<{1, 2, 3, 4, 5}, <<NoVal, 1, 2, 5, 3>>>>  TRUE
<<{1, 2, 3, 4, 5}, <<NoVal, 1, 4, 2, 3>>>>  TRUE
<<{1, 3, 4, 5}, {}>>  TRUE
<<{2, 3, 4, 5}, {}>>  TRUE
<<{2, 3, 4, 5}, {}>>  TRUE
<<{2, 3, 4, 5}, {}>>  TRUE
<<{1, 2, 3, 4, 5}, <<2, NoVal, 1, 3, 4>>>>  TRUE
<<{1, 2, 3, 4, 5}, <<NoVal, 1, 2, 5, 3>>>>  TRUE
<<{1, 2, 3, 4, 5}, <<NoVal, 1, 2, 3, 4>>>>  TRUE
<<{2, 3, 4, 5}, {}>>  TRUE
<<{2, 3, 4, 5}, {}>>  TRUE
<<{1, 2, 3, 4, 5}, <<NoVal, 1, 5, 2, 4>>>>  TRUE
<<{2, 3, 4, 5}, {}>>  TRUE
<<{1, 3, 4, 5}, {}>>  TRUE
<<{1, 2, 3, 4, 5}, <<NoVal, 1, 4, 2, 3>>>>  TRUE
<<{1, 2, 3, 4, 5}, <<NoVal, 1, 5, 2, 4>>>>  TRUE
<<{2, 3, 4, 5}, {}>>  TRUE
<<{1, 2, 3, 4, 5}, <<2, NoVal, 1, 5, 3>>>>  TRUE
<<{1, 3, 4, 5}, {}>>  TRUE
<<{2, 3, 4, 5}, {}>>  TRUE
<<{1, 2, 3, 4, 5}, <<2, NoVal, 1, 5, 3>>>>  TRUE
<<{1, 2, 3, 4, 5}, <<NoVal, 1, 5, 2, 4>>>>  TRUE
<<{1, 3, 4, 5}, {}>>  TRUE
<<{2, 3, 4, 5}, {}>>  TRUE
<<{1, 2, 3, 4, 5}, <<2, NoVal, 1, 5, 3>>>>  TRUE
<<{1, 2, 3, 4, 5}, <<NoVal, 1, 5, 2, 4>>>>  TRUE
<<{1, 3, 4, 5}, {}>>  TRUE
<<{2, 3, 4, 5}, {}>>  TRUE
<<{1, 2, 3, 4, 5}, <<2, NoVal, 4, 1, 3>>>>  TRUE
<<{1, 2, 3, 4, 5}, <<2, NoVal, 1, 5, 3>>>>  TRUE
<<{1, 3, 4, 5}, {}>>  TRUE
<<{1, 2, 3, 4, 5}, <<NoVal, 1, 5, 2, 4>>>>  TRUE
<<{1, 3, 4, 5}, {}>>  TRUE
<<{2, 3, 4, 5}, {}>>  TRUE
<<{1, 2, 3, 4, 5}, <<2, NoVal, 4, 1, 3>>>>  TRUE
<<{1, 2, 3, 4, 5}, <<2, NoVal, 1, 5, 3>>>>  TRUE
<<{1, 3, 4, 5}, {}>>  TRUE
<<{1, 3, 4, 5}, {}>>  TRUE
<<{1, 2, 3, 4, 5}, <<2, NoVal, 4, 1, 3>>>>  TRUE
<<{1, 2, 3, 4, 5}, <<NoVal, 1, 5, 3, 2>>>>  TRUE
<<{1, 3, 4, 5}, {}>>  TRUE
<<{2, 3, 4, 5}, {}>>  TRUE
<<{1, 2, 3, 4, 5}, <<NoVal, 1, 4, 5, 2>>>>  TRUE
<<{1, 2, 3, 4, 5}, <<2, NoVal, 4, 1, 3>>>>  TRUE
<<{1, 2, 3, 4, 5}, <<2, NoVal, 5, 1, 4>>>>  TRUE
<<{2, 3, 4, 5}, {}>>  TRUE
<<{1, 2, 3, 4, 5}, <<NoVal, 1, 5, 3, 2>>>>  TRUE
<<{1, 3, 4, 5}, {}>>  TRUE
<<{1, 3, 4, 5}, {}>>  TRUE
<<{1, 2, 3, 4, 5}, <<NoVal, 1, 4, 5, 2>>>>  TRUE
<<{2, 3, 4, 5}, {}>>  TRUE
<<{2, 3, 4, 5}, {}>>  TRUE
<<{1, 2, 3, 4, 5}, <<2, NoVal, 5, 1, 4>>>>  TRUE
<<{1, 2, 3, 4, 5}, <<2, NoVal, 4, 1, 3>>>>  TRUE
<<{1, 2, 3, 4, 5}, <<NoVal, 1, 5, 3, 2>>>>  TRUE
<<{1, 3, 4, 5}, {}>>  TRUE
<<{1, 2, 3, 4, 5}, <<NoVal, 1, 4, 5, 2>>>>  TRUE
<<{2, 3, 4, 5}, {}>>  TRUE
<<{1, 3, 4, 5}, {}>>  TRUE
<<{2, 3, 4, 5}, {}>>  TRUE
<<{1, 2, 3, 4, 5}, <<2, NoVal, 5, 1, 4>>>>  TRUE
<<{1, 2, 3, 4, 5}, <<NoVal, 1, 5, 3, 2>>>>  TRUE
<<{1, 3, 4, 5}, {}>>  TRUE
<<{1, 2, 3, 4, 5}, <<NoVal, 1, 4, 5, 2>>>>  TRUE
<<{2, 3, 4, 5}, {}>>  TRUE
<<{2, 3, 4, 5}, {}>>  TRUE
<<{1, 2, 3, 4, 5}, <<2, NoVal, 5, 1, 4>>>>  TRUE
<<{1, 3, 4, 5}, {}>>  TRUE
<<{1, 2, 3, 4, 5}, <<NoVal, 1, 5, 3, 2>>>>  TRUE
<<{1, 2, 3, 4, 5}, <<NoVal, 1, 4, 5, 2>>>>  TRUE
<<{2, 3, 4, 5}, {}>>  TRUE
<<{2, 3, 4, 5}, {}>>  TRUE
<<{1, 2, 3, 4, 5}, <<2, NoVal, 5, 1, 4>>>>  TRUE
<<{1, 3, 4, 5}, {}>>  TRUE
<<{1, 2, 3, 4, 5}, <<NoVal, 3, 1, 2, 4>>>>  TRUE
<<{2, 3, 4, 5}, {}>>  TRUE
<<{1, 2, 3, 4, 5}, <<NoVal, 3, 1, 2, 4>>>>  TRUE
<<{2, 3, 4, 5}, {}>>  TRUE
<<{1, 2, 3, 4, 5}, <<NoVal, 3, 1, 2, 4>>>>  TRUE
<<{1, 2, 3, 4, 5}, <<NoVal, 3, 1, 5, 2>>>>  TRUE
<<{2, 3, 4, 5}, {}>>  TRUE
<<{2, 3, 4, 5}, {}>>  TRUE
<<{1, 2, 3, 4, 5}, <<NoVal, 3, 1, 2, 4>>>>  TRUE
<<{1, 2, 3, 4, 5}, <<NoVal, 3, 1, 5, 2>>>>  TRUE
<<{2, 3, 4, 5}, {}>>  TRUE
<<{2, 3, 4, 5}, {}>>  TRUE
<<{1, 2, 3, 4, 5}, <<NoVal, 3, 1, 2, 4>>>>  TRUE
<<{1, 2, 3, 4, 5}, <<NoVal, 3, 1, 5, 2>>>>  TRUE
<<{2, 3, 4, 5}, {}>>  TRUE
<<{2, 3, 4, 5}, {}>>  TRUE
<<{1, 2, 3, 4, 5}, <<NoVal, 3, 1, 5, 2>>>>  TRUE
<<{2, 3, 4, 5}, {}>>  TRUE
<<{1, 2, 3, 4, 5}, <<NoVal, 3, 1, 5, 2>>>>  TRUE
<<{1, 2, 3, 4, 5}, <<3, NoVal, 2, 1, 4>>>>  TRUE
<<{2, 3, 4, 5}, {}>>  TRUE
<<{1, 3, 4, 5}, {}>>  TRUE
<<{1, 2, 3, 4, 5}, <<3, NoVal, 2, 1, 4>>>>  TRUE
<<{1, 3, 4, 5}, {}>>  TRUE
<<{1, 2, 3, 4, 5}, <<3, NoVal, 2, 1, 4>>>>  TRUE
<<{1, 2, 3, 4, 5}, <<NoVal, 4, 1, 3, 2>>>>  TRUE
<<{1, 2, 3, 4, 5}, <<3, NoVal, 2, 5, 1>>>>  TRUE
<<{1, 3, 4, 5}, {}>>  TRUE
<<{2, 3, 4, 5}, {}>>  TRUE
<<{1, 3, 4, 5}, {}>>  TRUE
<<{1, 2, 3, 4, 5}, <<3, NoVal, 2, 1, 4>>>>  TRUE
<<{1, 2, 3, 4, 5}, <<NoVal, 4, 1, 3, 2>>>>  TRUE
<<{1, 2, 3, 4, 5}, <<3, NoVal, 2, 5, 1>>>>  TRUE
<<{1, 2, 3, 4, 5}, <<4, NoVal, 2, 3, 1>>>>  TRUE
<<{1, 3, 4, 5}, {}>>  TRUE
<<{1, 3, 4, 5}, {}>>  TRUE
<<{1, 3, 4, 5}, {}>>  TRUE
<<{1, 2, 3, 4, 5}, <<3, NoVal, 2, 1, 4>>>>  TRUE
<<{2, 3, 4, 5}, {}>>  TRUE
<<{1, 2, 3, 4, 5}, <<4, NoVal, 2, 3, 1>>>>  TRUE
<<{1, 3, 4, 5}, {}>>  TRUE
<<{1, 2, 3, 4, 5}, <<3, NoVal, 2, 5, 1>>>>  TRUE
<<{1, 3, 4, 5}, {}>>  TRUE
<<{1, 3, 4, 5}, {}>>  TRUE
<<{1, 2, 3, 4, 5}, <<NoVal, 4, 1, 3, 2>>>>  TRUE
<<{1, 2, 3, 4, 5}, <<NoVal, 5, 1, 3, 4>>>>  TRUE
<<{1, 2, 3, 4, 5}, <<4, NoVal, 2, 3, 1>>>>  TRUE
<<{2, 3, 4, 5}, {}>>  TRUE
<<{2, 3, 4, 5}, {}>>  TRUE
<<{1, 3, 4, 5}, {}>>  TRUE
<<{1, 2, 3, 4, 5}, <<3, NoVal, 2, 5, 1>>>>  TRUE
<<{1, 2, 3, 4, 5}, <<NoVal, 5, 1, 3, 4>>>>  TRUE
<<{1, 3, 4, 5}, {}>>  TRUE
<<{1, 2, 3, 4, 5}, <<NoVal, 4, 1, 3, 2>>>>  TRUE
<<{2, 3, 4, 5}, {}>>  TRUE
<<{1, 2, 3, 4, 5}, <<4, NoVal, 2, 3, 1>>>>  TRUE
<<{2, 3, 4, 5}, {}>>  TRUE
<<{1, 3, 4, 5}, {}>>  TRUE
<<{1, 2, 3, 4, 5}, <<3, NoVal, 2, 5, 1>>>>  TRUE
<<{1, 2, 3, 4, 5}, <<NoVal, 5, 1, 3, 4>>>>  TRUE
<<{1, 2, 3, 4, 5}, <<NoVal, 4, 1, 3, 2>>>>  TRUE
<<{2, 3, 4, 5}, {}>>  TRUE
<<{2, 3, 4, 5}, {}>>  TRUE
<<{1, 3, 4, 5}, {}>>  TRUE
<<{1, 2, 3, 4, 5}, <<4, NoVal, 2, 3, 1>>>>  TRUE
<<{1, 2, 3, 4, 5}, <<2, NoVal, 5, 3, 1>>>>  TRUE
<<{1, 3, 4, 5}, {}>>  TRUE
<<{1, 2, 3, 4, 5}, <<NoVal, 5, 1, 2, 3>>>>  TRUE
<<{1, 2, 3, 4, 5}, <<NoVal, 5, 1, 3, 4>>>>  TRUE
<<{1, 3, 4, 5}, {}>>  TRUE
<<{2, 3, 4, 5}, {}>>  TRUE
<<{2, 3, 4, 5}, {}>>  TRUE
<<{1, 2, 3, 4, 5}, <<2, NoVal, 4, 5, 1>>>>  TRUE
<<{1, 3, 4, 5}, {}>>  TRUE
<<{1, 2, 3, 4, 5}, <<2, NoVal, 5, 3, 1>>>>  TRUE
<<{1, 2, 3, 4, 5}, <<NoVal, 5, 1, 3, 4>>>>  TRUE
<<{1, 2, 3, 4, 5}, <<NoVal, 5, 1, 2, 3>>>>  TRUE
<<{1, 3, 4, 5}, {}>>  TRUE
<<{2, 3, 4, 5}, {}>>  TRUE
<<{2, 3, 4, 5}, {}>>  TRUE
<<{1, 2, 3, 4, 5}, <<2, NoVal, 4, 5, 1>>>>  TRUE
<<{1, 2, 3, 4, 5}, <<2, NoVal, 5, 3, 1>>>>  TRUE
<<{1, 3, 4, 5}, {}>>  TRUE
<<{1, 2, 3, 4, 5}, <<NoVal, 5, 1, 2, 3>>>>  TRUE
<<{1, 3, 4, 5}, {}>>  TRUE
<<{1, 2, 3, 4, 5}, <<5, NoVal, 2, 1, 3>>>>  TRUE
<<{2, 3, 4, 5}, {}>>  TRUE
<<{1, 3, 4, 5}, {}>>  TRUE
<<{1, 2, 3, 4, 5}, <<2, NoVal, 4, 5, 1>>>>  TRUE
<<{1, 2, 3, 4, 5}, <<2, NoVal, 5, 3, 1>>>>  TRUE
<<{1, 2, 3, 4, 5}, <<NoVal, 5, 1, 2, 3>>>>  TRUE
<<{1, 3, 4, 5}, {}>>  TRUE
<<{1, 3, 4, 5}, {}>>  TRUE
<<{2, 3, 4, 5}, {}>>  TRUE
<<{1, 2, 3, 4, 5}, <<5, NoVal, 2, 1, 3>>>>  TRUE
<<{1, 2, 3, 4, 5}, <<2, NoVal, 4, 5, 1>>>>  TRUE
<<{1, 2, 3, 4, 5}, <<2, NoVal, 5, 3, 1>>>>  TRUE
<<{1, 3, 4, 5}, {}>>  TRUE
<<{1, 3, 4, 5}, {}>>  TRUE
<<{1, 2, 3, 4, 5}, <<NoVal, 5, 1, 2, 3>>>>  TRUE
<<{1, 3, 4, 5}, {}>>  TRUE
<<{2, 3, 4, 5}, {}>>  TRUE
<<{1, 2, 3, 4, 5}, <<5, NoVal, 2, 1, 3>>>>  TRUE
<<{1, 2, 3, 4, 5}, <<2, NoVal, 4, 5, 1>>>>  TRUE
<<{1, 2, 3, 4, 5}, <<5, NoVal, 2, 3, 4>>>>  TRUE
<<{1, 3, 4, 5}, {}>>  TRUE
<<{1, 3, 4, 5}, {}>>  TRUE
<<{1, 3, 4, 5}, {}>>  TRUE
<<{1, 2, 3, 4, 5}, <<NoVal, 4, 1, 5, 3>>>>  TRUE
<<{1, 2, 3, 4, 5}, <<5, NoVal, 2, 1, 3>>>>  TRUE
<<{1, 2, 3, 4, 5}, <<4, NoVal, 1, 2, 3>>>>  TRUE
<<{1, 3, 4, 5}, {}>>  TRUE
<<{1, 2, 3, 4, 5}, <<5, NoVal, 2, 3, 4>>>>  TRUE
<<{1, 3, 4, 5}, {}>>  TRUE
<<{2, 3, 4, 5}, {}>>  TRUE
<<{1, 3, 4, 5}, {}>>  TRUE
<<{1, 2, 3, 4, 5}, <<5, NoVal, 2, 1, 3>>>>  TRUE
<<{1, 2, 3, 4, 5}, <<4, NoVal, 1, 2, 3>>>>  TRUE
<<{1, 3, 4, 5}, {}>>  TRUE
<<{1, 2, 3, 4, 5}, <<NoVal, 4, 1, 5, 3>>>>  TRUE
<<{1, 3, 4, 5}, {}>>  TRUE
<<{1, 2, 3, 4, 5}, <<5, NoVal, 2, 3, 4>>>>  TRUE
<<{2, 3, 4, 5}, {}>>  TRUE
<<{1, 2, 3, 4, 5}, <<NoVal, 4, 2, 1, 3>>>>  TRUE
<<{1, 3, 4, 5}, {}>>  TRUE
<<{1, 2, 3, 4, 5}, <<4, NoVal, 1, 2, 3>>>>  TRUE
<<{2, 3, 4, 5}, {}>>  TRUE
<<{1, 2, 3, 4, 5}, <<NoVal, 4, 1, 5, 3>>>>  TRUE
<<{1, 3, 4, 5}, {}>>  TRUE
<<{2, 3, 4, 5}, {}>>  TRUE
<<{1, 2, 3, 4, 5}, <<5, NoVal, 2, 3, 4>>>>  TRUE
<<{1, 2, 3, 4, 5}, <<NoVal, 4, 2, 1, 3>>>>  TRUE
<<{1, 2, 3, 4, 5}, <<4, NoVal, 1, 2, 3>>>>  TRUE
<<{1, 3, 4, 5}, {}>>  TRUE
<<{1, 3, 4, 5}, {}>>  TRUE
<<{2, 3, 4, 5}, {}>>  TRUE
<<{1, 2, 3, 4, 5}, <<NoVal, 4, 1, 5, 3>>>>  TRUE
<<{1, 2, 3, 4, 5}, <<5, NoVal, 2, 3, 4>>>>  TRUE
<<{2, 3, 4, 5}, {}>>  TRUE
<<{1, 2, 3, 4, 5}, <<NoVal, 4, 2, 1, 3>>>>  TRUE
<<{1, 2, 3, 4, 5}, <<4, NoVal, 1, 2, 3>>>>  TRUE
<<{1, 3, 4, 5}, {}>>  TRUE
<<{2, 3, 4, 5}, {}>>  TRUE
<<{1, 3, 4, 5}, {}>>  TRUE
<<{1, 2, 3, 4, 5}, <<NoVal, 4, 1, 5, 3>>>>  TRUE
<<{2, 3, 4, 5}, {}>>  TRUE
<<{1, 2, 3, 4, 5}, <<NoVal, 4, 2, 1, 3>>>>  TRUE
<<{1, 2, 3, 4, 5}, <<4, NoVal, 2, 5, 3>>>>  TRUE
<<{1, 2, 3, 4, 5}, <<4, NoVal, 5, 2, 1>>>>  TRUE
<<{2, 3, 4, 5}, {}>>  TRUE
<<{1, 3, 4, 5}, {}>>  TRUE
<<{1, 2, 3, 4, 5}, <<3, 1, NoVal, 2, 4>>>>  TRUE
<<{1, 3, 4, 5}, {}>>  TRUE
<<{1, 2, 4, 5}, {}>>  TRUE
<<{1, 2, 3, 4, 5}, <<4, NoVal, 2, 5, 3>>>>  TRUE
<<{1, 2, 3, 4, 5}, <<NoVal, 4, 2, 1, 3>>>>  TRUE
<<{1, 2, 3, 4, 5}, <<4, NoVal, 5, 2, 1>>>>  TRUE
<<{2, 3, 4, 5}, {}>>  TRUE
<<{1, 3, 4, 5}, {}>>  TRUE
<<{1, 3, 4, 5}, {}>>  TRUE
<<{1, 2, 3, 4, 5}, <<3, 1, NoVal, 2, 4>>>>  TRUE
<<{1, 2, 4, 5}, {}>>  TRUE
<<{1, 2, 3, 4, 5}, <<4, NoVal, 2, 5, 3>>>>  TRUE
<<{1, 2, 3, 4, 5}, <<3, NoVal, 4, 2, 1>>>>  TRUE
<<{1, 2, 3, 4, 5}, <<4, NoVal, 5, 2, 1>>>>  TRUE
<<{1, 3, 4, 5}, {}>>  TRUE
<<{1, 3, 4, 5}, {}>>  TRUE
<<{1, 3, 4, 5}, {}>>  TRUE
<<{1, 2, 3, 4, 5}, <<3, 1, NoVal, 2, 4>>>>  TRUE
<<{1, 2, 4, 5}, {}>>  TRUE
<<{1, 2, 3, 4, 5}, <<4, NoVal, 2, 5, 3>>>>  TRUE
<<{1, 2, 3, 4, 5}, <<3, NoVal, 4, 2, 1>>>>  TRUE
<<{1, 2, 3, 4, 5}, <<4, NoVal, 5, 2, 1>>>>  TRUE
<<{1, 3, 4, 5}, {}>>  TRUE
<<{1, 3, 4, 5}, {}>>  TRUE
<<{1, 3, 4, 5}, {}>>  TRUE
<<{1, 2, 3, 4, 5}, <<3, 1, NoVal, 2, 4>>>>  TRUE
<<{1, 2, 4, 5}, {}>>  TRUE
<<{1, 2, 3, 4, 5}, <<4, NoVal, 2, 5, 3>>>>  TRUE
<<{1, 2, 3, 4, 5}, <<4, NoVal, 5, 2, 1>>>>  TRUE
<<{1, 2, 3, 4, 5}, <<3, NoVal, 4, 2, 1>>>>  TRUE
<<{1, 3, 4, 5}, {}>>  TRUE
<<{1, 3, 4, 5}, {}>>  TRUE
<<{1, 3, 4, 5}, {}>>  TRUE
<<{1, 2, 3, 4, 5}, <<3, 1, NoVal, 2, 4>>>>  TRUE
<<{1, 2, 4, 5}, {}>>  TRUE
<<{1, 2, 3, 4, 5}, <<NoVal, 4, 5, 1, 2>>>>  TRUE
<<{1, 2, 3, 4, 5}, <<3, NoVal, 4, 2, 1>>>>  TRUE
<<{1, 2, 3, 4, 5}, <<5, NoVal, 4, 2, 3>>>>  TRUE
<<{2, 3, 4, 5}, {}>>  TRUE
<<{1, 3, 4, 5}, {}>>  TRUE
<<{1, 3, 4, 5}, {}>>  TRUE
<<{1, 2, 3, 4, 5}, <<3, 1, NoVal, 5, 2>>>>  TRUE
<<{1, 2, 4, 5}, {}>>  TRUE
<<{1, 2, 3, 4, 5}, <<3, NoVal, 4, 2, 1>>>>  TRUE
<<{1, 2, 3, 4, 5}, <<NoVal, 4, 5, 1, 2>>>>  TRUE
<<{1, 2, 3, 4, 5}, <<5, NoVal, 4, 2, 3>>>>  TRUE
<<{1, 3, 4, 5}, {}>>  TRUE
<<{2, 3, 4, 5}, {}>>  TRUE
<<{1, 3, 4, 5}, {}>>  TRUE
<<{1, 2, 3, 4, 5}, <<3, 1, NoVal, 5, 2>>>>  TRUE
<<{1, 2, 3, 4, 5}, <<4, 1, 2, NoVal, 3>>>>  TRUE
<<{1, 2, 4, 5}, {}>>  TRUE
<<{1, 2, 3, 4, 5}, <<NoVal, 4, 5, 1, 2>>>>  TRUE
<<{1, 2, 3, 5}, {}>>  TRUE
<<{1, 2, 3, 4, 5}, <<5, NoVal, 4, 2, 3>>>>  TRUE
<<{2, 3, 4, 5}, {}>>  TRUE
<<{1, 2, 3, 4, 5}, <<3, 1, NoVal, 5, 2>>>>  TRUE
<<{1, 3, 4, 5}, {}>>  TRUE
<<{1, 2, 3, 4, 5}, <<4, 1, 2, NoVal, 3>>>>  TRUE
<<{1, 2, 3, 4, 5}, <<NoVal, 4, 5, 1, 2>>>>  TRUE
<<{1, 2, 3, 5}, {}>>  TRUE
<<{1, 2, 3, 4, 5}, <<5, NoVal, 4, 2, 3>>>>  TRUE
<<{1, 2, 4, 5}, {}>>  TRUE
<<{1, 3, 4, 5}, {}>>  TRUE
<<{1, 2, 3, 4, 5}, <<4, 1, 2, NoVal, 3>>>>  TRUE
<<{1, 2, 3, 5}, {}>>  TRUE
<<{1, 2, 3, 4, 5}, <<3, 1, NoVal, 5, 2>>>>  TRUE
<<{2, 3, 4, 5}, {}>>  TRUE
<<{1, 2, 4, 5}, {}>>  TRUE
<<{1, 2, 3, 4, 5}, <<4, 1, 2, NoVal, 3>>>>  TRUE
<<{1, 2, 3, 4, 5}, <<NoVal, 4, 5, 1, 2>>>>  TRUE
<<{1, 2, 3, 5}, {}>>  TRUE
<<{2, 3, 4, 5}, {}>>  TRUE
<<{1, 2, 3, 4, 5}, <<3, 1, NoVal, 5, 2>>>>  TRUE
<<{1, 2, 3, 4, 5}, <<4, 1, 2, NoVal, 3>>>>  TRUE
<<{1, 2, 3, 4, 5}, <<5, NoVal, 4, 2, 3>>>>  TRUE
<<{1, 2, 3, 4, 5}, <<5, NoVal, 1, 2, 4>>>>  TRUE
<<{1, 2, 4, 5}, {}>>  TRUE
<<{1, 3, 4, 5}, {}>>  TRUE
<<{1, 2, 3, 5}, {}>>  TRUE
<<{1, 2, 3, 4, 5}, <<NoVal, 3, 4, 1, 2>>>>  TRUE
<<{1, 2, 3, 4, 5}, <<3, 4, NoVal, 1, 2>>>>  TRUE
<<{1, 3, 4, 5}, {}>>  TRUE
<<{1, 2, 4, 5}, {}>>  TRUE
<<{2, 3, 4, 5}, {}>>  TRUE
<<{1, 2, 3, 4, 5}, <<5, NoVal, 1, 2, 4>>>>  TRUE
<<{1, 3, 4, 5}, {}>>  TRUE
<<{1, 2, 3, 4, 5}, <<4, 1, 5, NoVal, 2>>>>  TRUE
<<{1, 2, 3, 4, 5}, <<NoVal, 3, 4, 1, 2>>>>  TRUE
<<{1, 2, 3, 5}, {}>>  TRUE
<<{1, 2, 3, 4, 5}, <<5, NoVal, 1, 2, 4>>>>  TRUE
<<{1, 2, 3, 4, 5}, <<3, 4, NoVal, 1, 2>>>>  TRUE
<<{1, 3, 4, 5}, {}>>  TRUE
<<{1, 2, 4, 5}, {}>>  TRUE
<<{1, 2, 3, 4, 5}, <<4, 1, 5, NoVal, 2>>>>  TRUE
<<{1, 2, 3, 4, 5}, <<5, NoVal, 1, 2, 4>>>>  TRUE
<<{1, 2, 3, 4, 5}, <<3, 4, NoVal, 1, 2>>>>  TRUE
<<{2, 3, 4, 5}, {}>>  TRUE
<<{1, 3, 4, 5}, {}>>  TRUE
<<{1, 2, 3, 5}, {}>>  TRUE
<<{1, 2, 3, 4, 5}, <<NoVal, 3, 4, 1, 2>>>>  TRUE
<<{1, 2, 4, 5}, {}>>  TRUE
<<{2, 3, 4, 5}, {}>>  TRUE
<<{1, 2, 3, 4, 5}, <<4, 1, 5, NoVal, 2>>>>  TRUE
<<{1, 2, 3, 4, 5}, <<3, 4, NoVal, 1, 2>>>>  TRUE
<<{1, 2, 3, 4, 5}, <<5, NoVal, 1, 2, 4>>>>  TRUE
<<{1, 2, 4, 5}, {}>>  TRUE
<<{1, 2, 3, 5}, {}>>  TRUE
<<{1, 3, 4, 5}, {}>>  TRUE
<<{1, 2, 3, 4, 5}, <<NoVal, 3, 4, 1, 2>>>>  TRUE
<<{1, 2, 3, 4, 5}, <<3, 4, NoVal, 1, 2>>>>  TRUE
<<{2, 3, 4, 5}, {}>>  TRUE
<<{1, 2, 3, 4, 5}, <<4, 1, 5, NoVal, 2>>>>  TRUE
<<{1, 2, 3, 4, 5}, <<3, 5, NoVal, 1, 4>>>>  TRUE
<<{1, 2, 4, 5}, {}>>  TRUE
<<{1, 2, 3, 5}, {}>>  TRUE
<<{1, 2, 4, 5}, {}>>  TRUE
<<{1, 2, 3, 4, 5}, <<NoVal, 3, 4, 1, 2>>>>  TRUE
<<{2, 3, 4, 5}, {}>>  TRUE
<<{1, 2, 3, 4, 5}, <<NoVal, 5, 4, 1, 3>>>>  TRUE
<<{1, 2, 3, 4, 5}, <<4, 1, 5, NoVal, 2>>>>  TRUE
<<{1, 2, 3, 4, 5}, <<3, 5, NoVal, 1, 4>>>>  TRUE
<<{2, 3, 4, 5}, {}>>  TRUE
<<{1, 2, 3, 5}, {}>>  TRUE
<<{1, 2, 3, 4, 5}, <<4, 3, 1, NoVal, 2>>>>  TRUE
<<{1, 2, 4, 5}, {}>>  TRUE
<<{1, 2, 3, 5}, {}>>  TRUE
<<{1, 2, 3, 4, 5}, <<NoVal, 5, 4, 1, 3>>>>  TRUE
<<{1, 2, 3, 4, 5}, <<3, NoVal, 5, 2, 4>>>>  TRUE
<<{2, 3, 4, 5}, {}>>  TRUE
<<{1, 2, 3, 4, 5}, <<3, 5, NoVal, 1, 4>>>>  TRUE
<<{1, 3, 4, 5}, {}>>  TRUE
<<{1, 2, 4, 5}, {}>>  TRUE
<<{1, 2, 3, 4, 5}, <<NoVal, 5, 4, 1, 3>>>>  TRUE
<<{1, 2, 3, 4, 5}, <<3, NoVal, 5, 2, 4>>>>  TRUE
<<{2, 3, 4, 5}, {}>>  TRUE
<<{1, 2, 3, 4, 5}, <<3, 5, NoVal, 1, 4>>>>  TRUE
<<{1, 3, 4, 5}, {}>>  TRUE
<<{1, 2, 3, 4, 5}, <<4, 3, 1, NoVal, 2>>>>  TRUE
<<{1, 2, 3, 4, 5}, <<NoVal, 5, 4, 1, 3>>>>  TRUE
<<{1, 2, 3, 4, 5}, <<3, NoVal, 5, 2, 4>>>>  TRUE
<<{1, 2, 4, 5}, {}>>  TRUE
<<{2, 3, 4, 5}, {}>>  TRUE
<<{1, 2, 3, 5}, {}>>  TRUE
<<{1, 2, 3, 4, 5}, <<3, 5, NoVal, 1, 4>>>>  TRUE
<<{1, 2, 3, 4, 5}, <<NoVal, 5, 4, 1, 3>>>>  TRUE
<<{1, 2, 3, 4, 5}, <<4, 3, 1, NoVal, 2>>>>  TRUE
<<{1, 3, 4, 5}, {}>>  TRUE
<<{2, 3, 4, 5}, {}>>  TRUE
<<{1, 2, 3, 5}, {}>>  TRUE
<<{1, 2, 3, 4, 5}, <<3, NoVal, 5, 2, 4>>>>  TRUE
<<{1, 2, 3, 4, 5}, <<NoVal, 5, 2, 1, 4>>>>  TRUE
<<{1, 3, 4, 5}, {}>>  TRUE
<<{1, 2, 4, 5}, {}>>  TRUE
<<{2, 3, 4, 5}, {}>>  TRUE
<<{1, 2, 3, 4, 5}, <<3, NoVal, 5, 2, 4>>>>  TRUE
<<{1, 2, 3, 4, 5}, <<NoVal, 5, 2, 1, 4>>>>  TRUE
<<{1, 3, 4, 5}, {}>>  TRUE
<<{1, 2, 3, 4, 5}, <<4, 3, 1, NoVal, 2>>>>  TRUE
<<{2, 3, 4, 5}, {}>>  TRUE
<<{1, 2, 3, 5}, {}>>  TRUE
<<{1, 2, 3, 4, 5}, <<4, 5, 2, NoVal, 1>>>>  TRUE
<<{1, 2, 3, 4, 5}, <<NoVal, 5, 2, 1, 4>>>>  TRUE
<<{1, 2, 3, 4, 5}, <<4, 5, 1, NoVal, 3>>>>  TRUE
<<{2, 3, 4, 5}, {}>>  TRUE
<<{1, 2, 3, 5}, {}>>  TRUE
<<{1, 2, 3, 5}, {}>>  TRUE
<<{1, 2, 3, 4, 5}, <<NoVal, 5, 2, 1, 4>>>>  TRUE
<<{1, 2, 3, 4, 5}, <<4, 3, 1, NoVal, 2>>>>  TRUE
<<{1, 2, 3, 4, 5}, <<4, 5, 2, NoVal, 1>>>>  TRUE
<<{2, 3, 4, 5}, {}>>  TRUE
<<{1, 2, 3, 5}, {}>>  TRUE
<<{1, 2, 3, 5}, {}>>  TRUE
<<{1, 2, 3, 4, 5}, <<NoVal, 5, 2, 1, 4>>>>  TRUE
<<{1, 2, 3, 4, 5}, <<4, 5, 1, NoVal, 3>>>>  TRUE
<<{1, 2, 3, 4, 5}, <<4, 5, 2, NoVal, 1>>>>  TRUE
<<{1, 2, 3, 4, 5}, <<3, 5, NoVal, 2, 1>>>>  TRUE
<<{1, 2, 3, 5}, {}>>  TRUE
<<{1, 2, 3, 5}, {}>>  TRUE
<<{1, 2, 4, 5}, {}>>  TRUE
<<{2, 3, 4, 5}, {}>>  TRUE
<<{1, 2, 3, 4, 5}, <<4, 5, 1, NoVal, 3>>>>  TRUE
<<{1, 2, 3, 4, 5}, <<4, 5, 2, NoVal, 1>>>>  TRUE
<<{1, 2, 3, 5}, {}>>  TRUE
<<{1, 2, 3, 5}, {}>>  TRUE
<<{1, 2, 3, 4, 5}, <<NoVal, 3, 5, 1, 4>>>>  TRUE
<<{1, 2, 3, 4, 5}, <<3, 5, NoVal, 2, 1>>>>  TRUE
<<{1, 2, 3, 4, 5}, <<4, 5, 1, NoVal, 3>>>>  TRUE
<<{2, 3, 4, 5}, {}>>  TRUE
<<{1, 2, 4, 5}, {}>>  TRUE
<<{1, 2, 3, 4, 5}, <<4, 5, 2, NoVal, 1>>>>  TRUE
<<{1, 2, 3, 5}, {}>>  TRUE
<<{1, 2, 3, 5}, {}>>  TRUE
<<{1, 2, 3, 4, 5}, <<NoVal, 3, 5, 1, 4>>>>  TRUE
<<{1, 2, 3, 4, 5}, <<3, 5, NoVal, 2, 1>>>>  TRUE
<<{2, 3, 4, 5}, {}>>  TRUE
<<{1, 2, 3, 4, 5}, <<4, 5, 1, NoVal, 3>>>>  TRUE
<<{1, 2, 3, 4, 5}, <<2, 3, NoVal, 1, 4>>>>  TRUE
<<{1, 2, 4, 5}, {}>>  TRUE
<<{1, 2, 3, 5}, {}>>  TRUE
<<{1, 2, 4, 5}, {}>>  TRUE
<<{1, 2, 3, 4, 5}, <<NoVal, 3, 5, 1, 4>>>>  TRUE
<<{1, 2, 3, 4, 5}, <<3, 5, NoVal, 2, 1>>>>  TRUE
<<{2, 3, 4, 5}, {}>>  TRUE
<<{1, 2, 3, 4, 5}, <<4, 3, 5, NoVal, 1>>>>  TRUE
<<{1, 2, 3, 4, 5}, <<2, 3, NoVal, 1, 4>>>>  TRUE
<<{1, 2, 4, 5}, {}>>  TRUE
<<{1, 2, 3, 5}, {}>>  TRUE
<<{1, 2, 3, 4, 5}, <<NoVal, 3, 5, 1, 4>>>>  TRUE
<<{1, 2, 4, 5}, {}>>  TRUE
<<{2, 3, 4, 5}, {}>>  TRUE
<<{1, 2, 3, 4, 5}, <<3, 5, NoVal, 2, 1>>>>  TRUE
<<{1, 2, 3, 4, 5}, <<4, 3, 5, NoVal, 1>>>>  TRUE
<<{1, 2, 4, 5}, {}>>  TRUE
<<{1, 2, 3, 4, 5}, <<2, 3, NoVal, 1, 4>>>>  TRUE
<<{1, 2, 3, 5}, {}>>  TRUE
<<{1, 2, 4, 5}, {}>>  TRUE
<<{1, 2, 3, 4, 5}, <<NoVal, 3, 5, 1, 4>>>>  TRUE
<<{1, 2, 3, 4, 5}, <<3, 4, NoVal, 5, 1>>>>  TRUE
<<{1, 2, 3, 4, 5}, <<4, 3, 5, NoVal, 1>>>>  TRUE
<<{2, 3, 4, 5}, {}>>  TRUE
<<{1, 2, 3, 5}, {}>>  TRUE
<<{1, 2, 3, 4, 5}, <<2, 3, NoVal, 1, 4>>>>  TRUE
<<{1, 2, 4, 5}, {}>>  TRUE
<<{1, 2, 3, 4, 5}, <<2, 4, 1, NoVal, 3>>>>  TRUE
<<{1, 2, 3, 4, 5}, <<4, 3, 5, NoVal, 1>>>>  TRUE
<<{1, 2, 3, 5}, {}>>  TRUE
<<{1, 2, 3, 5}, {}>>  TRUE
<<{1, 2, 3, 4, 5}, <<3, 4, NoVal, 5, 1>>>>  TRUE
<<{1, 2, 3, 4, 5}, <<2, 4, 1, NoVal, 3>>>>  TRUE
<<{1, 2, 4, 5}, {}>>  TRUE
<<{1, 2, 3, 4, 5}, <<4, 3, 5, NoVal, 1>>>>  TRUE
<<{1, 2, 4, 5}, {}>>  TRUE
<<{1, 2, 3, 5}, {}>>  TRUE
<<{1, 2, 3, 4, 5}, <<2, 3, NoVal, 1, 4>>>>  TRUE
<<{1, 2, 3, 4, 5}, <<3, 4, NoVal, 5, 1>>>>  TRUE
<<{1, 2, 3, 5}, {}>>  TRUE
<<{1, 2, 3, 4, 5}, <<5, NoVal, 1, 3, 2>>>>  TRUE
<<{1, 2, 4, 5}, {}>>  TRUE
<<{1, 3, 4, 5}, {}>>  TRUE
<<{1, 2, 3, 4, 5}, <<2, 4, 1, NoVal, 3>>>>  TRUE
<<{1, 2, 3, 4, 5}, <<3, 4, NoVal, 5, 1>>>>  TRUE
<<{1, 2, 3, 5}, {}>>  TRUE
<<{1, 2, 4, 5}, {}>>  TRUE
<<{1, 2, 3, 4, 5}, <<2, 4, 1, NoVal, 3>>>>  TRUE
<<{1, 2, 3, 4, 5}, <<5, NoVal, 1, 3, 2>>>>  TRUE
<<{1, 2, 3, 4, 5}, <<3, 4, NoVal, 5, 1>>>>  TRUE
<<{1, 3, 4, 5}, {}>>  TRUE
<<{1, 2, 4, 5}, {}>>  TRUE
<<{1, 2, 4, 5}, {}>>  TRUE
<<{1, 2, 3, 4, 5}, <<5, NoVal, 1, 3, 2>>>>  TRUE
<<{1, 2, 3, 4, 5}, <<2, 3, NoVal, 5, 1>>>>  TRUE
<<{1, 2, 3, 5}, {}>>  TRUE
<<{1, 2, 4, 5}, {}>>  TRUE
<<{1, 3, 4, 5}, {}>>  TRUE
<<{1, 2, 3, 4, 5}, <<2, 4, 1, NoVal, 3>>>>  TRUE
<<{1, 2, 3, 4, 5}, <<2, 3, NoVal, 5, 1>>>>  TRUE
<<{1, 2, 3, 4, 5}, <<NoVal, 5, 2, 3, 1>>>>  TRUE
<<{1, 2, 3, 4, 5}, <<5, NoVal, 1, 3, 2>>>>  TRUE
<<{2, 3, 4, 5}, {}>>  TRUE
<<{1, 2, 4, 5}, {}>>  TRUE
<<{1, 2, 3, 5}, {}>>  TRUE
<<{1, 2, 3, 4, 5}, <<NoVal, 5, 2, 3, 1>>>>  TRUE
<<{2, 3, 4, 5}, {}>>  TRUE
<<{1, 2, 3, 4, 5}, <<2, 3, NoVal, 5, 1>>>>  TRUE
<<{1, 2, 3, 4, 5}, <<5, NoVal, 4, 1, 2>>>>  TRUE
<<{1, 2, 4, 5}, {}>>  TRUE
<<{1, 2, 3, 4, 5}, <<NoVal, 5, 2, 3, 1>>>>  TRUE
<<{1, 3, 4, 5}, {}>>  TRUE
<<{2, 3, 4, 5}, {}>>  TRUE
<<{1, 2, 3, 4, 5}, <<2, 3, NoVal, 5, 1>>>>  TRUE
<<{1, 2, 4, 5}, {}>>  TRUE
<<{1, 2, 3, 4, 5}, <<5, NoVal, 1, 3, 2>>>>  TRUE
<<{1, 3, 4, 5}, {}>>  TRUE
<<{1, 3, 4, 5}, {}>>  TRUE
<<{1, 2, 3, 4, 5}, <<2, 3, NoVal, 5, 1>>>>  TRUE
<<{1, 2, 4, 5}, {}>>  TRUE
<<{1, 2, 3, 4, 5}, <<5, NoVal, 4, 1, 2>>>>  TRUE
<<{1, 3, 4, 5}, {}>>  TRUE
<<{1, 2, 3, 4, 5}, <<NoVal, 5, 2, 3, 1>>>>  TRUE
<<{1, 2, 3, 4, 5}, <<3, NoVal, 5, 1, 2>>>>  TRUE
<<{1, 2, 3, 4, 5}, <<5, NoVal, 4, 1, 2>>>>  TRUE
<<{1, 3, 4, 5}, {}>>  TRUE
<<{1, 2, 3, 4, 5}, <<2, 4, 5, NoVal, 1>>>>  TRUE
<<{1, 3, 4, 5}, {}>>  TRUE
<<{1, 2, 3, 5}, {}>>  TRUE
<<{2, 3, 4, 5}, {}>>  TRUE
<<{1, 2, 3, 4, 5}, <<3, NoVal, 5, 1, 2>>>>  TRUE
<<{1, 2, 3, 4, 5}, <<5, NoVal, 4, 1, 2>>>>  TRUE
<<{1, 2, 3, 4, 5}, <<2, 4, 5, NoVal, 1>>>>  TRUE
<<{1, 3, 4, 5}, {}>>  TRUE
<<{1, 2, 3, 4, 5}, <<NoVal, 5, 2, 3, 1>>>>  TRUE
<<{1, 3, 4, 5}, {}>>  TRUE
<<{1, 2, 3, 5}, {}>>  TRUE
<<{2, 3, 4, 5}, {}>>  TRUE
<<{1, 2, 3, 4, 5}, <<3, NoVal, 5, 1, 2>>>>  TRUE
<<{1, 2, 3, 4, 5}, <<5, NoVal, 4, 1, 2>>>>  TRUE
<<{1, 3, 4, 5}, {}>>  TRUE
<<{1, 2, 3, 4, 5}, <<NoVal, 5, 4, 2, 1>>>>  TRUE
<<{2, 3, 4, 5}, {}>>  TRUE
<<{1, 2, 3, 4, 5}, <<2, 4, 5, NoVal, 1>>>>  TRUE
<<{1, 3, 4, 5}, {}>>  TRUE
<<{1, 2, 3, 4, 5}, <<NoVal, 5, 4, 2, 1>>>>  TRUE
<<{1, 2, 3, 4, 5}, <<3, NoVal, 5, 1, 2>>>>  TRUE
<<{2, 3, 4, 5}, {}>>  TRUE
<<{1, 3, 4, 5}, {}>>  TRUE
<<{1, 2, 3, 5}, {}>>  TRUE
<<{1, 2, 3, 4, 5}, <<NoVal, 3, 5, 2, 1>>>>  TRUE
<<{1, 2, 3, 4, 5}, <<3, NoVal, 5, 1, 2>>>>  TRUE
<<{1, 2, 3, 4, 5}, <<NoVal, 5, 4, 2, 1>>>>  TRUE
<<{1, 2, 3, 4, 5}, <<2, 4, 5, NoVal, 1>>>>  TRUE
<<{2, 3, 4, 5}, {}>>  TRUE
<<{2, 3, 4, 5}, {}>>  TRUE
<<{1, 2, 3, 5}, {}>>  TRUE
<<{1, 2, 3, 4, 5}, <<NoVal, 3, 5, 2, 1>>>>  TRUE
<<{1, 3, 4, 5}, {}>>  TRUE
<<{1, 2, 3, 4, 5}, <<2, 4, 5, NoVal, 1>>>>  TRUE
<<{1, 2, 3, 4, 5}, <<NoVal, 5, 4, 2, 1>>>>  TRUE
<<{2, 3, 4, 5}, {}>>  TRUE
<<{2, 3, 4, 5}, {}>>  TRUE
<<{1, 2, 3, 4, 5}, <<3, 4, 2, NoVal, 1>>>>  TRUE
<<{1, 2, 3, 5}, {}>>  TRUE
<<{1, 2, 3, 4, 5}, <<NoVal, 3, 5, 2, 1>>>>  TRUE
<<{1, 2, 3, 4, 5}, <<NoVal, 5, 4, 2, 1>>>>  TRUE
<<{2, 3, 4, 5}, {}>>  TRUE
<<{1, 2, 3, 4, 5}, <<3, 4, 2, NoVal, 1>>>>  TRUE
<<{1, 2, 3, 5}, {}>>  TRUE
<<{1, 2, 3, 5}, {}>>  TRUE
<<{1, 2, 3, 4, 5}, <<NoVal, 3, 5, 2, 1>>>>  TRUE
<<{2, 3, 4, 5}, {}>>  TRUE
<<{2, 3, 4, 5}, {}>>  TRUE
<<{1, 2, 3, 4, 5}, <<3, 4, 2, NoVal, 1>>>>  TRUE
<<{1, 2, 3, 4, 5}, <<4, 3, NoVal, 2, 1>>>>  TRUE
<<{1, 2, 3, 4, 5}, <<NoVal, 3, 5, 2, 1>>>>  TRUE
<<{1, 2, 4, 5}, {}>>  TRUE
<<{1, 2, 3, 5}, {}>>  TRUE
<<{2, 3, 4, 5}, {}>>  TRUE
<<{1, 2, 3, 4, 5}, <<4, 3, NoVal, 2, 1>>>>  TRUE
<<{1, 2, 3, 4, 5}, <<3, 4, 2, NoVal, 1>>>>  TRUE
<<{1, 2, 4, 5}, {}>>  TRUE
<<{1, 2, 3, 4, 5}, <<4, NoVal, 5, 3, 2>>>>  TRUE
<<{1, 2, 3, 4, 5}, <<NoVal, 4, 5, 3, 1>>>>  TRUE
<<{1, 3, 4, 5}, {}>>  TRUE
<<{2, 3, 4, 5}, {}>>  TRUE
<<{1, 2, 3, 5}, {}>>  TRUE
<<{1, 2, 3, 4, 5}, <<4, NoVal, 5, 3, 2>>>>  TRUE
<<{1, 2, 3, 4, 5}, <<NoVal, 4, 5, 3, 1>>>>  TRUE
<<{1, 2, 3, 4, 5}, <<3, 4, 2, NoVal, 1>>>>  TRUE
<<{1, 2, 3, 4, 5}, <<4, 3, NoVal, 2, 1>>>>  TRUE
<<{2, 3, 4, 5}, {}>>  TRUE
<<{1, 2, 3, 5}, {}>>  TRUE
<<{1, 2, 4, 5}, {}>>  TRUE
<<{1, 2, 3, 4, 5}, <<NoVal, 4, 5, 3, 1>>>>  TRUE
<<{1, 3, 4, 5}, {}>>  TRUE
<<{1, 2, 3, 4, 5}, <<4, 3, NoVal, 2, 1>>>>  TRUE
<<{1, 2, 3, 4, 5}, <<5, 4, 2, NoVal, 3>>>>  TRUE
<<{1, 2, 4, 5}, {}>>  TRUE
<<{1, 2, 3, 4, 5}, <<4, NoVal, 5, 3, 2>>>>  TRUE
<<{2, 3, 4, 5}, {}>>  TRUE
<<{1, 3, 4, 5}, {}>>  TRUE
<<{1, 2, 3, 4, 5}, <<4, 3, NoVal, 2, 1>>>>  TRUE
<<{1, 2, 4, 5}, {}>>  TRUE
<<{1, 2, 3, 4, 5}, <<NoVal, 4, 5, 3, 1>>>>  TRUE
<<{1, 2, 3, 4, 5}, <<4, NoVal, 5, 3, 2>>>>  TRUE
<<{2, 3, 4, 5}, {}>>  TRUE
<<{1, 3, 4, 5}, {}>>  TRUE
<<{1, 2, 3, 4, 5}, <<NoVal, 4, 5, 3, 1>>>>  TRUE
<<{2, 3, 4, 5}, {}>>  TRUE
<<{1, 2, 3, 4, 5}, <<4, NoVal, 5, 3, 2>>>>  TRUE
<<{1, 3, 4, 5}, {}>>  TRUE
<<{1, 2, 3, 5}, {}>>  TRUE
<<{1, 2, 3, 4, 5}, <<5, 4, 2, NoVal, 3>>>>  TRUE
<<{1, 2, 3, 4, 5}, <<5, 4, 1, NoVal, 2>>>>  TRUE
<<{1, 2, 3, 4, 5}, <<5, 3, NoVal, 2, 4>>>>  TRUE
<<{1, 2, 3, 5}, {}>>  TRUE
<<{1, 2, 3, 4, 5}, <<4, NoVal, 1, 5, 2>>>>  TRUE
<<{1, 3, 4, 5}, {}>>  TRUE
<<{1, 2, 3, 4, 5}, <<4, NoVal, 1, 5, 2>>>>  TRUE
<<{1, 3, 4, 5}, {}>>  TRUE
<<{1, 2, 4, 5}, {}>>  TRUE
<<{1, 2, 3, 4, 5}, <<4, NoVal, 1, 5, 2>>>>  TRUE
<<{1, 2, 3, 5}, {}>>  TRUE
<<{1, 2, 3, 4, 5}, <<5, 3, NoVal, 2, 4>>>>  TRUE
<<{1, 3, 4, 5}, {}>>  TRUE
<<{1, 2, 3, 4, 5}, <<5, 4, 1, NoVal, 2>>>>  TRUE
<<{1, 2, 3, 4, 5}, <<5, 4, 2, NoVal, 3>>>>  TRUE
<<{1, 2, 3, 5}, {}>>  TRUE
<<{1, 2, 3, 5}, {}>>  TRUE
<<{1, 2, 3, 4, 5}, <<4, NoVal, 1, 5, 2>>>>  TRUE
<<{1, 3, 4, 5}, {}>>  TRUE
<<{1, 2, 4, 5}, {}>>  TRUE
<<{1, 2, 3, 4, 5}, <<5, 4, 1, NoVal, 2>>>>  TRUE
<<{1, 2, 3, 5}, {}>>  TRUE
<<{1, 2, 3, 4, 5}, <<5, 4, 2, NoVal, 3>>>>  TRUE
<<{1, 2, 3, 4, 5}, <<5, 3, NoVal, 2, 4>>>>  TRUE
<<{1, 2, 3, 5}, {}>>  TRUE
<<{1, 2, 4, 5}, {}>>  TRUE
<<{1, 2, 3, 4, 5}, <<5, 4, 1, NoVal, 2>>>>  TRUE
<<{1, 2, 3, 5}, {}>>  TRUE
<<{1, 2, 3, 4, 5}, <<5, 4, 2, NoVal, 3>>>>  TRUE
<<{1, 2, 3, 4, 5}, <<5, 3, NoVal, 2, 4>>>>  TRUE
<<{1, 2, 3, 5}, {}>>  TRUE
<<{1, 2, 3, 4, 5}, <<4, NoVal, 1, 5, 2>>>>  TRUE
<<{1, 2, 3, 4, 5}, <<5, 4, 1, NoVal, 2>>>>  TRUE
<<{1, 2, 3, 4, 5}, <<5, 3, NoVal, 1, 2>>>>  TRUE
<<{1, 2, 4, 5}, {}>>  TRUE
<<{1, 2, 4, 5}, {}>>  TRUE
<<{1, 2, 3, 5}, {}>>  TRUE
<<{1, 2, 3, 4, 5}, <<5, 3, NoVal, 2, 4>>>>  TRUE
<<{1, 2, 3, 4, 5}, <<5, 3, NoVal, 1, 2>>>>  TRUE
<<{1, 2, 4, 5}, {}>>  TRUE
<<{1, 2, 3, 4, 5}, <<NoVal, 4, 2, 5, 1>>>>  TRUE
<<{1, 2, 4, 5}, {}>>  TRUE
<<{2, 3, 4, 5}, {}>>  TRUE
<<{1, 3, 4, 5}, {}>>  TRUE
<<{1, 2, 3, 4, 5}, <<5, 3, NoVal, 1, 2>>>>  TRUE
<<{1, 2, 3, 4, 5}, <<3, 4, 5, NoVal, 2>>>>  TRUE
<<{1, 2, 4, 5}, {}>>  TRUE
<<{1, 2, 3, 5}, {}>>  TRUE
<<{1, 2, 3, 4, 5}, <<3, NoVal, 4, 5, 2>>>>  TRUE
<<{1, 2, 3, 4, 5}, <<NoVal, 4, 2, 5, 1>>>>  TRUE
<<{1, 2, 3, 4, 5}, <<3, 4, 5, NoVal, 2>>>>  TRUE
<<{1, 3, 4, 5}, {}>>  TRUE
<<{2, 3, 4, 5}, {}>>  TRUE
<<{1, 2, 3, 5}, {}>>  TRUE
<<{1, 2, 3, 4, 5}, <<3, NoVal, 4, 5, 2>>>>  TRUE
<<{1, 2, 3, 4, 5}, <<NoVal, 4, 2, 5, 1>>>>  TRUE
<<{1, 2, 3, 4, 5}, <<5, 3, NoVal, 1, 2>>>>  TRUE
<<{1, 3, 4, 5}, {}>>  TRUE
<<{2, 3, 4, 5}, {}>>  TRUE
<<{1, 2, 4, 5}, {}>>  TRUE
<<{1, 2, 3, 4, 5}, <<3, NoVal, 4, 5, 2>>>>  TRUE
<<{1, 2, 3, 4, 5}, <<NoVal, 4, 2, 5, 1>>>>  TRUE
<<{1, 2, 3, 4, 5}, <<5, 3, NoVal, 1, 2>>>>  TRUE
<<{1, 2, 3, 4, 5}, <<3, 4, 5, NoVal, 2>>>>  TRUE
<<{2, 3, 4, 5}, {}>>  TRUE
<<{1, 3, 4, 5}, {}>>  TRUE
<<{1, 2, 3, 5}, {}>>  TRUE
<<{1, 2, 3, 4, 5}, <<NoVal, 4, 2, 5, 1>>>>  TRUE
<<{1, 2, 4, 5}, {}>>  TRUE
<<{1, 2, 3, 4, 5}, <<3, 4, 5, NoVal, 2>>>>  TRUE
<<{2, 3, 4, 5}, {}>>  TRUE
<<{1, 2, 3, 5}, {}>>  TRUE
<<{1, 2, 3, 4, 5}, <<NoVal, 3, 4, 5, 1>>>>  TRUE
<<{1, 2, 3, 4, 5}, <<4, 1, NoVal, 3, 2>>>>  TRUE
<<{2, 3, 4, 5}, {}>>  TRUE
<<{1, 2, 3, 4, 5}, <<3, NoVal, 4, 5, 2>>>>  TRUE
<<{1, 2, 4, 5}, {}>>  TRUE
<<{1, 3, 4, 5}, {}>>  TRUE
<<{1, 2, 3, 4, 5}, <<NoVal, 3, 4, 5, 1>>>>  TRUE
<<{1, 2, 3, 4, 5}, <<4, 1, NoVal, 3, 2>>>>  TRUE
<<{2, 3, 4, 5}, {}>>  TRUE
<<{1, 2, 3, 4, 5}, <<3, 4, 5, NoVal, 2>>>>  TRUE
<<{1, 2, 4, 5}, {}>>  TRUE
<<{1, 2, 3, 5}, {}>>  TRUE
<<{1, 2, 3, 4, 5}, <<NoVal, 3, 4, 5, 1>>>>  TRUE
<<{1, 2, 3, 4, 5}, <<3, NoVal, 4, 5, 2>>>>  TRUE
<<{2, 3, 4, 5}, {}>>  TRUE
<<{1, 2, 3, 4, 5}, <<4, 1, NoVal, 3, 2>>>>  TRUE
<<{1, 2, 3, 4, 5}, <<4, 5, NoVal, 3, 1>>>>  TRUE
<<{1, 2, 4, 5}, {}>>  TRUE
<<{1, 2, 4, 5}, {}>>  TRUE
<<{1, 2, 3, 4, 5}, <<NoVal, 3, 4, 5, 1>>>>  TRUE
<<{1, 2, 3, 4, 5}, <<4, 5, NoVal, 3, 1>>>>  TRUE
<<{2, 3, 4, 5}, {}>>  TRUE
<<{1, 3, 4, 5}, {}>>  TRUE
<<{1, 2, 3, 4, 5}, <<4, 1, NoVal, 3, 2>>>>  TRUE
<<{1, 2, 4, 5}, {}>>  TRUE
<<{1, 2, 3, 4, 5}, <<4, 3, NoVal, 5, 2>>>>  TRUE
<<{1, 2, 3, 4, 5}, <<NoVal, 3, 4, 5, 1>>>>  TRUE
<<{1, 2, 4, 5}, {}>>  TRUE
<<{2, 3, 4, 5}, {}>>  TRUE
<<{1, 2, 3, 4, 5}, <<4, 1, NoVal, 3, 2>>>>  TRUE
<<{1, 2, 3, 4, 5}, <<4, 3, NoVal, 5, 2>>>>  TRUE
<<{1, 2, 4, 5}, {}>>  TRUE
<<{1, 2, 4, 5}, {}>>  TRUE
<<{1, 2, 3, 4, 5}, <<2, 4, NoVal, 3, 1>>>>  TRUE
<<{1, 2, 3, 4, 5}, <<4, 5, NoVal, 3, 1>>>>  TRUE
<<{1, 2, 4, 5}, {}>>  TRUE
<<{1, 2, 3, 4, 5}, <<5, 4, NoVal, 3, 2>>>>  TRUE
<<{1, 2, 4, 5}, {}>>  TRUE
<<{1, 2, 4, 5}, {}>>  TRUE
<<{1, 2, 3, 4, 5}, <<2, 4, NoVal, 3, 1>>>>  TRUE
<<{1, 2, 4, 5}, {}>>  TRUE
<<{1, 2, 3, 4, 5}, <<4, 3, NoVal, 5, 2>>>>  TRUE
<<{1, 2, 4, 5}, {}>>  TRUE
<<{1, 2, 4, 5}, {}>>  TRUE
<<{1, 2, 3, 4, 5}, <<4, 5, NoVal, 3, 1>>>>  TRUE
<<{1, 2, 3, 4, 5}, <<5, 4, NoVal, 3, 2>>>>  TRUE
<<{1, 2, 3, 4, 5}, <<2, 4, NoVal, 3, 1>>>>  TRUE
<<{1, 2, 3, 4, 5}, <<4, 3, NoVal, 5, 2>>>>  TRUE
<<{1, 2, 4, 5}, {}>>  TRUE
<<{1, 2, 4, 5}, {}>>  TRUE
<<{1, 2, 4, 5}, {}>>  TRUE
<<{1, 2, 3, 4, 5}, <<2, 4, NoVal, 3, 1>>>>  TRUE
<<{1, 2, 3, 4, 5}, <<4, 5, NoVal, 3, 1>>>>  TRUE
<<{1, 2, 4, 5}, {}>>  TRUE
<<{1, 2, 3, 4, 5}, <<5, 1, NoVal, 3, 4>>>>  TRUE
<<{1, 2, 4, 5}, {}>>  TRUE
<<{1, 2, 3, 4, 5}, <<5, 1, NoVal, 3, 4>>>>  TRUE
<<{1, 2, 4, 5}, {}>>  TRUE
<<{1, 2, 4, 5}, {}>>  TRUE
<<{1, 2, 3, 4, 5}, <<5, 4, NoVal, 3, 2>>>>  TRUE
<<{1, 2, 4, 5}, {}>>  TRUE
<<{1, 2, 4, 5}, {}>>  TRUE
<<{1, 2, 3, 4, 5}, <<4, 3, NoVal, 5, 2>>>>  TRUE
<<{1, 2, 3, 4, 5}, <<2, 4, NoVal, 3, 1>>>>  TRUE
<<{1, 2, 3, 4, 5}, <<5, 1, NoVal, 3, 4>>>>  TRUE
<<{1, 2, 4, 5}, {}>>  TRUE
<<{1, 2, 3, 4, 5}, <<5, 4, NoVal, 3, 2>>>>  TRUE
<<{1, 2, 4, 5}, {}>>  TRUE
<<{1, 2, 4, 5}, {}>>  TRUE
<<{1, 2, 3, 4, 5}, <<2, 5, NoVal, 3, 4>>>>  TRUE
<<{1, 2, 4, 5}, {}>>  TRUE
<<{1, 2, 3, 4, 5}, <<5, 1, NoVal, 2, 3>>>>  TRUE
<<{1, 2, 3, 4, 5}, <<5, 4, NoVal, 3, 2>>>>  TRUE
<<{1, 2, 3, 4, 5}, <<2, 5, NoVal, 3, 4>>>>  TRUE
<<{1, 2, 4, 5}, {}>>  TRUE
<<{1, 2, 4, 5}, {}>>  TRUE
<<{1, 2, 3, 4, 5}, <<5, 1, NoVal, 2, 3>>>>  TRUE
<<{1, 2, 3, 4, 5}, <<2, 5, NoVal, 1, 3>>>>  TRUE
<<{1, 2, 4, 5}, {}>>  TRUE
<<{1, 2, 4, 5}, {}>>  TRUE
<<{1, 2, 4, 5}, {}>>  TRUE
<<{1, 2, 3, 4, 5}, <<5, 1, NoVal, 2, 3>>>>  TRUE
<<{1, 2, 3, 4, 5}, <<2, 5, NoVal, 1, 3>>>>  TRUE
<<{1, 2, 4, 5}, {}>>  TRUE
<<{1, 2, 4, 5}, {}>>  TRUE
<<{1, 2, 3, 4, 5}, <<2, 5, NoVal, 1, 3>>>>  TRUE
<<{1, 2, 4, 5}, {}>>  TRUE
<<{1, 2, 3, 4, 5}, <<2, 5, NoVal, 3, 4>>>>  TRUE
<<{1, 2, 4, 5}, {}>>  TRUE
<<{1, 2, 3, 4, 5}, <<2, 5, NoVal, 1, 3>>>>  TRUE
<<{1, 2, 4, 5}, {}>>  TRUE
<<{1, 2, 3, 4, 5}, <<2, 5, NoVal, 3, 4>>>>  TRUE
<<{1, 2, 4, 5}, {}>>  TRUE
<<{1, 2, 3, 4, 5}, <<2, 5, NoVal, 1, 3>>>>  TRUE
<<{1, 2, 4, 5}, {}>>  TRUE
<<{1, 2, 3, 4, 5}, <<2, 5, NoVal, 3, 4>>>>  TRUE
<<{1, 2, 4, 5}, {}>>  TRUE
<<{1, 2, 3, 4, 5}, <<3, 1, 4, NoVal, 2>>>>  TRUE
<<{1, 2, 3, 5}, {}>>  TRUE
<<{1, 2, 3, 4, 5}, <<4, 5, NoVal, 2, 3>>>>  TRUE
<<{1, 2, 4, 5}, {}>>  TRUE
<<{1, 2, 3, 4, 5}, <<3, 1, 4, NoVal, 2>>>>  TRUE
<<{1, 2, 3, 5}, {}>>  TRUE
<<{1, 2, 3, 4, 5}, <<4, 5, NoVal, 2, 3>>>>  TRUE
<<{1, 2, 4, 5}, {}>>  TRUE
<<{1, 2, 3, 4, 5}, <<3, 1, 4, NoVal, 2>>>>  TRUE
<<{1, 2, 3, 5}, {}>>  TRUE
<<{1, 2, 3, 4, 5}, <<4, 5, NoVal, 2, 3>>>>  TRUE
<<{1, 2, 4, 5}, {}>>  TRUE
<<{1, 2, 4, 5}, {}>>  TRUE
<<{1, 2, 3, 4, 5}, <<3, 1, 4, NoVal, 2>>>>  TRUE
<<{1, 2, 3, 4, 5}, <<5, 1, NoVal, 2, 3>>>>  TRUE
<<{1, 2, 3, 5}, {}>>  TRUE
<<{1, 2, 3, 4, 5}, <<5, 1, NoVal, 3, 4>>>>  TRUE
<<{1, 2, 3, 4, 5}, <<4, 5, NoVal, 2, 3>>>>  TRUE
<<{1, 2, 4, 5}, {}>>  TRUE
<<{1, 2, 4, 5}, {}>>  TRUE
<<{1, 2, 3, 4, 5}, <<3, 1, 4, NoVal, 2>>>>  TRUE
<<{1, 2, 3, 4, 5}, <<5, 1, NoVal, 3, 4>>>>  TRUE
<<{1, 2, 3, 5}, {}>>  TRUE
<<{1, 2, 3, 4, 5}, <<4, 5, NoVal, 2, 3>>>>  TRUE
<<{1, 2, 4, 5}, {}>>  TRUE
<<{1, 2, 3, 4, 5}, <<5, 4, NoVal, 1, 3>>>>  TRUE
<<{1, 2, 4, 5}, {}>>  TRUE
<<{1, 2, 3, 4, 5}, <<3, 5, 4, NoVal, 1>>>>  TRUE
<<{1, 2, 3, 5}, {}>>  TRUE
<<{1, 2, 3, 4, 5}, <<5, 4, NoVal, 1, 3>>>>  TRUE
<<{1, 2, 4, 5}, {}>>  TRUE
<<{1, 2, 3, 4, 5}, <<3, 5, 4, NoVal, 1>>>>  TRUE
<<{1, 2, 3, 5}, {}>>  TRUE
<<{1, 2, 3, 4, 5}, <<5, 4, NoVal, 1, 3>>>>  TRUE
<<{1, 2, 4, 5}, {}>>  TRUE
<<{1, 2, 3, 4, 5}, <<3, 5, 4, NoVal, 1>>>>  TRUE
<<{1, 2, 3, 5}, {}>>  TRUE
<<{1, 2, 3, 4, 5}, <<5, 4, NoVal, 1, 3>>>>  TRUE
<<{1, 2, 4, 5}, {}>>  TRUE
<<{1, 2, 3, 4, 5}, <<3, 5, 4, NoVal, 1>>>>  TRUE
<<{1, 2, 4, 5}, {}>>  TRUE
<<{1, 2, 3, 4, 5}, <<5, 4, NoVal, 1, 3>>>>  TRUE
<<{1, 2, 4, 5}, {}>>  TRUE
<<{1, 2, 3, 4, 5}, <<5, 1, NoVal, 2, 3>>>>  TRUE
<<{1, 2, 3, 4, 5}, <<4, 1, NoVal, 5, 3>>>>  TRUE
<<{1, 2, 4, 5}, {}>>  TRUE
<<{1, 2, 3, 5}, {}>>  TRUE
<<{1, 2, 4, 5}, {}>>  TRUE
<<{1, 2, 4, 5}, {}>>  TRUE
<<{1, 2, 3, 4, 5}, <<2, 3, 4, NoVal, 1>>>>  TRUE
<<{1, 2, 3, 4, 5}, <<3, 5, 4, NoVal, 1>>>>  TRUE
<<{1, 2, 3, 4, 5}, <<4, 1, NoVal, 5, 3>>>>  TRUE
<<{1, 2, 3, 5}, {}>>  TRUE
<<{1, 2, 3, 4, 5}, <<2, 4, NoVal, 5, 3>>>>  TRUE
<<{1, 2, 4, 5}, {}>>  TRUE
<<{1, 2, 4, 5}, {}>>  TRUE
<<{1, 2, 3, 4, 5}, <<2, 3, 4, NoVal, 1>>>>  TRUE
<<{1, 2, 3, 4, 5}, <<4, 1, NoVal, 5, 3>>>>  TRUE
<<{1, 2, 3, 5}, {}>>  TRUE
<<{1, 2, 3, 5}, {}>>  TRUE
<<{1, 2, 4, 5}, {}>>  TRUE
<<{1, 2, 3, 4, 5}, <<2, 4, NoVal, 5, 3>>>>  TRUE
<<{1, 2, 3, 4, 5}, <<2, 3, 4, NoVal, 1>>>>  TRUE
<<{1, 2, 3, 4, 5}, <<5, 3, 4, NoVal, 2>>>>  TRUE
<<{1, 2, 3, 5}, {}>>  TRUE
<<{1, 2, 4, 5}, {}>>  TRUE
<<{1, 2, 3, 4, 5}, <<2, 4, NoVal, 5, 3>>>>  TRUE
<<{1, 2, 3, 5}, {}>>  TRUE
<<{1, 2, 3, 4, 5}, <<4, 1, NoVal, 5, 3>>>>  TRUE
<<{1, 2, 4, 5}, {}>>  TRUE
<<{1, 2, 4, 5}, {}>>  TRUE
<<{1, 2, 3, 4, 5}, <<5, 3, 4, NoVal, 2>>>>  TRUE
<<{1, 2, 3, 4, 5}, <<2, 4, NoVal, 5, 3>>>>  TRUE
<<{1, 2, 3, 5}, {}>>  TRUE
<<{1, 2, 3, 4, 5}, <<4, 1, NoVal, 5, 3>>>>  TRUE
<<{1, 2, 3, 4, 5}, <<2, 3, 4, NoVal, 1>>>>  TRUE
<<{1, 2, 4, 5}, {}>>  TRUE
<<{1, 2, 3, 5}, {}>>  TRUE
<<{1, 2, 3, 4, 5}, <<5, 3, 4, NoVal, 2>>>>  TRUE
<<{1, 2, 3, 5}, {}>>  TRUE
<<{1, 2, 4, 5}, {}>>  TRUE
<<{1, 2, 3, 4, 5}, <<2, 3, 4, NoVal, 1>>>>  TRUE
<<{1, 2, 3, 4, 5}, <<5, 1, 4, NoVal, 3>>>>  TRUE
<<{1, 2, 3, 5}, {}>>  TRUE
<<{1, 2, 3, 5}, {}>>  TRUE
<<{1, 2, 3, 4, 5}, <<2, 4, NoVal, 5, 3>>>>  TRUE
<<{1, 2, 3, 4, 5}, <<5, 3, 4, NoVal, 2>>>>  TRUE
<<{1, 2, 4, 5}, {}>>  TRUE
<<{1, 2, 3, 4, 5}, <<2, 5, 1, NoVal, 4>>>>  TRUE
<<{1, 2, 3, 5}, {}>>  TRUE
<<{1, 2, 3, 4, 5}, <<5, 1, 4, NoVal, 3>>>>  TRUE
<<{1, 2, 3, 5}, {}>>  TRUE
<<{1, 2, 3, 4, 5}, <<5, 1, 2, NoVal, 4>>>>  TRUE
<<{1, 2, 3, 5}, {}>>  TRUE
<<{1, 2, 3, 4, 5}, <<5, 3, 4, NoVal, 2>>>>  TRUE
<<{1, 2, 3, 4, 5}, <<2, 5, 1, NoVal, 4>>>>  TRUE
<<{1, 2, 3, 5}, {}>>  TRUE
<<{1, 2, 3, 5}, {}>>  TRUE
<<{1, 2, 3, 4, 5}, <<5, 1, 4, NoVal, 3>>>>  TRUE
<<{1, 2, 3, 5}, {}>>  TRUE
<<{1, 2, 3, 4, 5}, <<2, 5, 1, NoVal, 4>>>>  TRUE
<<{1, 2, 3, 4, 5}, <<2, 5, 4, NoVal, 3>>>>  TRUE
<<{1, 2, 3, 5}, {}>>  TRUE
<<{1, 2, 3, 5}, {}>>  TRUE
<<{1, 2, 3, 4, 5}, <<5, 1, 2, NoVal, 4>>>>  TRUE
<<{1, 2, 3, 5}, {}>>  TRUE
<<{1, 2, 3, 4, 5}, <<2, 5, 4, NoVal, 3>>>>  TRUE
<<{1, 2, 3, 4, 5}, <<5, 1, 2, NoVal, 4>>>>  TRUE
<<{1, 2, 3, 5}, {}>>  TRUE
<<{1, 2, 3, 5}, {}>>  TRUE
<<{1, 2, 3, 5}, {}>>  TRUE
<<{1, 2, 3, 4, 5}, <<5, 1, 4, NoVal, 3>>>>  TRUE
<<{1, 2, 3, 5}, {}>>  TRUE
<<{1, 2, 3, 4, 5}, <<2, 5, 4, NoVal, 3>>>>  TRUE
<<{1, 2, 3, 4, 5}, <<5, 1, 2, NoVal, 4>>>>  TRUE
<<{1, 2, 3, 5}, {}>>  TRUE
<<{1, 2, 3, 5}, {}>>  TRUE
<<{1, 2, 3, 4, 5}, <<5, 1, 4, NoVal, 3>>>>  TRUE
<<{1, 2, 3, 4, 5}, <<2, 5, 4, NoVal, 3>>>>  TRUE
<<{1, 2, 3, 4, 5}, <<5, 1, 2, NoVal, 4>>>>  TRUE
<<{1, 2, 3, 5}, {}>>  TRUE
<<{1, 2, 3, 5}, {}>>  TRUE
<<{1, 2, 3, 4, 5}, <<2, 5, 4, NoVal, 3>>>>  TRUE
<<{1, 2, 3, 4, 5}, <<5, 1, 2, 3, NoVal>>>>  TRUE
<<{1, 2, 3, 5}, {}>>  TRUE
<<{1, 2, 3, 4}, {}>>  TRUE
<<{1, 2, 3, 4, 5}, <<3, 5, 2, NoVal, 4>>>>  TRUE
<<{1, 2, 3, 4, 5}, <<2, 5, 1, NoVal, 4>>>>  TRUE
<<{1, 2, 3, 5}, {}>>  TRUE
<<{1, 2, 3, 5}, {}>>  TRUE
<<{1, 2, 3, 4, 5}, <<3, 5, 2, NoVal, 4>>>>  TRUE
<<{1, 2, 3, 4, 5}, <<5, 1, 2, 3, NoVal>>>>  TRUE
<<{1, 2, 3, 5}, {}>>  TRUE
<<{1, 2, 3, 5}, {}>>  TRUE
<<{1, 2, 3, 4}, {}>>  TRUE
<<{1, 2, 3, 4, 5}, <<2, 5, 1, NoVal, 4>>>>  TRUE
<<{1, 2, 3, 5}, {}>>  TRUE
<<{1, 2, 3, 4, 5}, <<3, 5, 2, NoVal, 4>>>>  TRUE
<<{1, 2, 3, 4, 5}, <<5, 3, 1, NoVal, 4>>>>  TRUE
<<{1, 2, 3, 5}, {}>>  TRUE
<<{1, 2, 3, 5}, {}>>  TRUE
<<{1, 2, 3, 4, 5}, <<5, 1, 4, 2, NoVal>>>>  TRUE
<<{1, 2, 3, 4}, {}>>  TRUE
<<{1, 2, 3, 4, 5}, <<3, 5, 2, NoVal, 4>>>>  TRUE
<<{1, 2, 3, 4, 5}, <<5, 3, 1, NoVal, 4>>>>  TRUE
<<{1, 2, 3, 5}, {}>>  TRUE
<<{1, 2, 3, 5}, {}>>  TRUE
<<{1, 2, 3, 4, 5}, <<5, 1, 2, 3, NoVal>>>>  TRUE
<<{1, 2, 3, 4, 5}, <<3, 5, 2, NoVal, 4>>>>  TRUE
<<{1, 2, 3, 5}, {}>>  TRUE
<<{1, 2, 3, 4, 5}, <<5, 3, 1, NoVal, 4>>>>  TRUE
<<{1, 2, 3, 5}, {}>>  TRUE
<<{1, 2, 3, 4, 5}, <<2, 5, 1, 3, NoVal>>>>  TRUE
<<{1, 2, 3, 4}, {}>>  TRUE
<<{1, 2, 3, 4, 5}, <<5, 1, 4, 2, NoVal>>>>  TRUE
<<{1, 2, 3, 4, 5}, <<5, 3, 1, NoVal, 4>>>>  TRUE
<<{1, 2, 3, 4}, {}>>  TRUE
<<{1, 2, 3, 5}, {}>>  TRUE
<<{1, 2, 3, 4}, {}>>  TRUE
<<{1, 2, 3, 4, 5}, <<5, 1, 4, 2, NoVal>>>>  TRUE
<<{1, 2, 3, 4, 5}, <<5, 3, 1, NoVal, 4>>>>  TRUE
<<{1, 2, 3, 4, 5}, <<5, 1, 2, 3, NoVal>>>>  TRUE
<<{1, 2, 3, 4}, {}>>  TRUE
<<{1, 2, 3, 4, 5}, <<2, 5, 1, 3, NoVal>>>>  TRUE
<<{1, 2, 3, 5}, {}>>  TRUE
<<{1, 2, 3, 4}, {}>>  TRUE
<<{1, 2, 3, 4, 5}, <<5, 1, 2, 3, NoVal>>>>  TRUE
<<{1, 2, 3, 4, 5}, <<2, 5, 4, 1, NoVal>>>>  TRUE
<<{1, 2, 3, 4}, {}>>  TRUE
<<{1, 2, 3, 4, 5}, <<2, 5, 1, 3, NoVal>>>>  TRUE
<<{1, 2, 3, 4}, {}>>  TRUE
<<{1, 2, 3, 4}, {}>>  TRUE
<<{1, 2, 3, 4}, {}>>  TRUE
<<{1, 2, 3, 4, 5}, <<5, 1, 4, 2, NoVal>>>>  TRUE
<<{1, 2, 3, 4, 5}, <<3, 1, 5, NoVal, 4>>>>  TRUE
<<{1, 2, 3, 4}, {}>>  TRUE
<<{1, 2, 3, 4, 5}, <<2, 5, 4, 1, NoVal>>>>  TRUE
<<{1, 2, 3, 4}, {}>>  TRUE
<<{1, 2, 3, 4, 5}, <<5, 1, 4, 2, NoVal>>>>  TRUE
<<{1, 2, 3, 5}, {}>>  TRUE
<<{1, 2, 3, 4, 5}, <<2, 5, 1, 3, NoVal>>>>  TRUE
<<{1, 2, 3, 4}, {}>>  TRUE
<<{1, 2, 3, 4}, {}>>  TRUE
<<{1, 2, 3, 4, 5}, <<2, 5, 4, 1, NoVal>>>>  TRUE
<<{1, 2, 3, 4, 5}, <<3, 1, 5, NoVal, 4>>>>  TRUE
<<{1, 2, 3, 4}, {}>>  TRUE
<<{1, 2, 3, 4, 5}, <<5, 3, 1, 2, NoVal>>>>  TRUE
<<{1, 2, 3, 5}, {}>>  TRUE
<<{1, 2, 3, 4, 5}, <<2, 5, 1, 3, NoVal>>>>  TRUE
<<{1, 2, 3, 4}, {}>>  TRUE
<<{1, 2, 3, 4}, {}>>  TRUE
<<{1, 2, 3, 4, 5}, <<2, 5, 4, 1, NoVal>>>>  TRUE
<<{1, 2, 3, 4, 5}, <<3, 1, 5, NoVal, 4>>>>  TRUE
<<{1, 2, 3, 4}, {}>>  TRUE
<<{1, 2, 3, 4, 5}, <<5, 3, 1, 2, NoVal>>>>  TRUE
<<{1, 2, 3, 4, 5}, <<3, 5, 2, 1, NoVal>>>>  TRUE
<<{1, 2, 3, 4}, {}>>  TRUE
<<{1, 2, 3, 4}, {}>>  TRUE
<<{1, 2, 3, 4, 5}, <<2, 5, 4, 1, NoVal>>>>  TRUE
<<{1, 2, 3, 4}, {}>>  TRUE
<<{1, 2, 3, 5}, {}>>  TRUE
<<{1, 2, 3, 4, 5}, <<3, 5, 2, 1, NoVal>>>>  TRUE
<<{1, 2, 3, 4, 5}, <<5, 3, 1, 2, NoVal>>>>  TRUE
<<{1, 2, 3, 4}, {}>>  TRUE
<<{1, 2, 3, 4, 5}, <<2, 3, 5, NoVal, 4>>>>  TRUE
<<{1, 2, 3, 4, 5}, <<3, 1, 5, NoVal, 4>>>>  TRUE
<<{1, 2, 3, 5}, {}>>  TRUE
<<{1, 2, 3, 5}, {}>>  TRUE
<<{1, 2, 3, 4, 5}, <<3, 5, 2, 1, NoVal>>>>  TRUE
<<{1, 2, 3, 4}, {}>>  TRUE
<<{1, 2, 3, 4, 5}, <<3, 1, 5, NoVal, 4>>>>  TRUE
<<{1, 2, 3, 4}, {}>>  TRUE
<<{1, 2, 3, 4, 5}, <<2, 3, 5, NoVal, 4>>>>  TRUE
<<{1, 2, 3, 5}, {}>>  TRUE
<<{1, 2, 3, 4, 5}, <<3, 5, 2, 1, NoVal>>>>  TRUE
<<{1, 2, 3, 5}, {}>>  TRUE
<<{1, 2, 3, 4}, {}>>  TRUE
<<{1, 2, 3, 4, 5}, <<5, 4, 1, 3, NoVal>>>>  TRUE
<<{1, 2, 3, 4, 5}, <<2, 3, 5, NoVal, 4>>>>  TRUE
<<{1, 2, 3, 4, 5}, <<5, 3, 1, 2, NoVal>>>>  TRUE
<<{1, 2, 3, 4, 5}, <<3, 5, 2, 1, NoVal>>>>  TRUE
<<{1, 2, 3, 4}, {}>>  TRUE
<<{1, 2, 3, 4}, {}>>  TRUE
<<{1, 2, 3, 4, 5}, <<5, 3, 1, 2, NoVal>>>>  TRUE
<<{1, 2, 3, 4}, {}>>  TRUE
<<{1, 2, 3, 4, 5}, <<3, 1, 5, 2, NoVal>>>>  TRUE
<<{1, 2, 3, 4}, {}>>  TRUE
<<{1, 2, 3, 4, 5}, <<3, 1, 5, 2, NoVal>>>>  TRUE
<<{1, 2, 3, 4}, {}>>  TRUE
<<{1, 2, 3, 4}, {}>>  TRUE
<<{1, 2, 3, 4, 5}, <<4, 5, 2, 3, NoVal>>>>  TRUE
<<{1, 2, 3, 5}, {}>>  TRUE
<<{1, 2, 3, 4}, {}>>  TRUE
<<{1, 2, 3, 4, 5}, <<5, 4, 1, 3, NoVal>>>>  TRUE
<<{1, 2, 3, 4, 5}, <<3, 1, 5, 2, NoVal>>>>  TRUE
<<{1, 2, 3, 4}, {}>>  TRUE
<<{1, 2, 3, 4}, {}>>  TRUE
<<{1, 2, 3, 4, 5}, <<4, 5, 2, 3, NoVal>>>>  TRUE
<<{1, 2, 3, 4, 5}, <<2, 3, 5, NoVal, 4>>>>  TRUE
<<{1, 2, 3, 4}, {}>>  TRUE
<<{1, 2, 3, 5}, {}>>  TRUE
<<{1, 2, 3, 4, 5}, <<3, 1, 5, 2, NoVal>>>>  TRUE
<<{1, 2, 3, 4}, {}>>  TRUE
<<{1, 2, 3, 4, 5}, <<4, 5, 2, 3, NoVal>>>>  TRUE
<<{1, 2, 3, 4, 5}, <<2, 3, 5, NoVal, 4>>>>  TRUE
<<{1, 2, 3, 4}, {}>>  TRUE
<<{1, 2, 3, 5}, {}>>  TRUE
<<{1, 2, 3, 4, 5}, <<3, 1, 5, 2, NoVal>>>>  TRUE
<<{1, 2, 3, 4}, {}>>  TRUE
<<{1, 2, 3, 4, 5}, <<5, 4, 1, 3, NoVal>>>>  TRUE
<<{1, 2, 3, 4, 5}, <<4, 5, 2, 3, NoVal>>>>  TRUE
<<{1, 2, 3, 4, 5}, <<4, 5, 1, 2, NoVal>>>>  TRUE
<<{1, 2, 3, 4}, {}>>  TRUE
<<{1, 2, 3, 4}, {}>>  TRUE
<<{1, 2, 3, 4}, {}>>  TRUE
<<{1, 2, 3, 4, 5}, <<5, 4, 2, 1, NoVal>>>>  TRUE
<<{1, 2, 3, 4, 5}, <<5, 4, 1, 3, NoVal>>>>  TRUE
<<{1, 2, 3, 4, 5}, <<4, 5, 2, 3, NoVal>>>>  TRUE
<<{1, 2, 3, 4}, {}>>  TRUE
<<{1, 2, 3, 4}, {}>>  TRUE
<<{1, 2, 3, 4}, {}>>  TRUE
<<{1, 2, 3, 4, 5}, <<4, 5, 1, 2, NoVal>>>>  TRUE
<<{1, 2, 3, 4}, {}>>  TRUE
<<{1, 2, 3, 4, 5}, <<5, 4, 2, 1, NoVal>>>>  TRUE
<<{1, 2, 3, 4}, {}>>  TRUE
<<{1, 2, 3, 4, 5}, <<4, 5, 1, 2, NoVal>>>>  TRUE
<<{1, 2, 3, 4, 5}, <<5, 4, 2, 1, NoVal>>>>  TRUE
<<{1, 2, 3, 4}, {}>>  TRUE
<<{1, 2, 3, 4}, {}>>  TRUE
<<{1, 2, 3, 4, 5}, <<3, 4, 5, 1, NoVal>>>>  TRUE
<<{1, 2, 3, 4, 5}, <<5, 4, 1, 3, NoVal>>>>  TRUE
<<{1, 2, 3, 4, 5}, <<5, 4, 2, 1, NoVal>>>>  TRUE
<<{1, 2, 3, 4}, {}>>  TRUE
<<{1, 2, 3, 4}, {}>>  TRUE
<<{1, 2, 3, 4}, {}>>  TRUE
<<{1, 2, 3, 4, 5}, <<4, 5, 1, 2, NoVal>>>>  TRUE
<<{1, 2, 3, 4, 5}, <<3, 4, 5, 1, NoVal>>>>  TRUE
<<{1, 2, 3, 4}, {}>>  TRUE
<<{1, 2, 3, 4, 5}, <<5, 4, 2, 1, NoVal>>>>  TRUE
<<{1, 2, 3, 4}, {}>>  TRUE
<<{1, 2, 3, 4, 5}, <<2, 3, 5, 1, NoVal>>>>  TRUE
<<{1, 2, 3, 4}, {}>>  TRUE
<<{1, 2, 3, 4, 5}, <<3, 4, 5, 1, NoVal>>>>  TRUE
<<{1, 2, 3, 4}, {}>>  TRUE
<<{1, 2, 3, 4}, {}>>  TRUE
<<{1, 2, 3, 4, 5}, <<4, 5, 1, 2, NoVal>>>>  TRUE
<<{1, 2, 3, 4, 5}, <<3, 5, 4, 2, NoVal>>>>  TRUE
<<{1, 2, 3, 4}, {}>>  TRUE
<<{1, 2, 3, 4}, {}>>  TRUE
<<{1, 2, 3, 4, 5}, <<3, 4, 5, 1, NoVal>>>>  TRUE
<<{1, 2, 3, 4}, {}>>  TRUE
<<{1, 2, 3, 4, 5}, <<5, 3, 4, 1, NoVal>>>>  TRUE
<<{1, 2, 3, 4, 5}, <<2, 3, 5, 1, NoVal>>>>  TRUE
<<{1, 2, 3, 4}, {}>>  TRUE
<<{1, 2, 3, 4}, {}>>  TRUE
<<{1, 2, 3, 4, 5}, <<3, 4, 5, 1, NoVal>>>>  TRUE
<<{1, 2, 3, 4}, {}>>  TRUE
<<{1, 2, 3, 4, 5}, <<5, 3, 4, 1, NoVal>>>>  TRUE
<<{1, 2, 3, 4, 5}, <<3, 5, 4, 2, NoVal>>>>  TRUE
<<{1, 2, 3, 4}, {}>>  TRUE
<<{1, 2, 3, 4}, {}>>  TRUE
<<{1, 2, 3, 4, 5}, <<4, 3, 5, 2, NoVal>>>>  TRUE
<<{1, 2, 3, 4, 5}, <<2, 3, 5, 1, NoVal>>>>  TRUE
<<{1, 2, 3, 4}, {}>>  TRUE
<<{1, 2, 3, 4}, {}>>  TRUE
<<{1, 2, 3, 4, 5}, <<3, 5, 4, 2, NoVal>>>>  TRUE
<<{1, 2, 3, 4}, {}>>  TRUE
<<{1, 2, 3, 4, 5}, <<5, 3, 4, 1, NoVal>>>>  TRUE
<<{1, 2, 3, 4, 5}, <<2, 3, 5, 1, NoVal>>>>  TRUE
<<{1, 2, 3, 4}, {}>>  TRUE
<<{1, 2, 3, 4}, {}>>  TRUE
<<{1, 2, 3, 4, 5}, <<3, 5, 4, 2, NoVal>>>>  TRUE
<<{1, 2, 3, 4, 5}, <<4, 3, 5, 2, NoVal>>>>  TRUE
<<{1, 2, 3, 4}, {}>>  TRUE
<<{1, 2, 3, 4}, {}>>  TRUE
<<{1, 2, 3, 4, 5}, <<2, 3, 5, 1, NoVal>>>>  TRUE
<<{1, 2, 3, 4}, {}>>  TRUE
<<{1, 2, 3, 4, 5}, <<3, 5, 4, 2, NoVal>>>>  TRUE
<<{1, 2, 3, 4, 5}, <<4, 3, 5, 2, NoVal>>>>  TRUE
<<{1, 2, 3, 4}, {}>>  TRUE
<<{1, 2, 3, 4}, {}>>  TRUE
<<{1, 2, 3, 4, 5}, <<4, 1, 2, 5, NoVal>>>>  TRUE
<<{1, 2, 3, 4}, {}>>  TRUE
<<{1, 2, 3, 4, 5}, <<5, 3, 4, 1, NoVal>>>>  TRUE
<<{1, 2, 3, 4, 5}, <<4, 3, 5, 2, NoVal>>>>  TRUE
<<{1, 2, 3, 4}, {}>>  TRUE
<<{1, 2, 3, 4}, {}>>  TRUE
<<{1, 2, 3, 4, 5}, <<4, 1, 2, 5, NoVal>>>>  TRUE
<<{1, 2, 3, 4}, {}>>  TRUE
<<{1, 2, 3, 4, 5}, <<5, 3, 4, 1, NoVal>>>>  TRUE
<<{1, 2, 3, 4, 5}, <<4, 3, 5, 2, NoVal>>>>  TRUE
<<{1, 2, 3, 4}, {}>>  TRUE
<<{1, 2, 3, 4}, {}>>  TRUE
<<{1, 2, 3, 4, 5}, <<2, 4, 1, 5, NoVal>>>>  TRUE
<<{1, 2, 3, 4}, {}>>  TRUE
<<{1, 2, 3, 4, 5}, <<4, 1, 2, 5, NoVal>>>>  TRUE
<<{1, 2, 3, 4, 5}, <<2, 4, 5, 3, NoVal>>>>  TRUE
<<{1, 2, 3, 4}, {}>>  TRUE
<<{1, 2, 3, 4}, {}>>  TRUE
<<{1, 2, 3, 4, 5}, <<4, 1, 5, 3, NoVal>>>>  TRUE
<<{1, 2, 3, 4}, {}>>  TRUE
<<{1, 2, 3, 4, 5}, <<2, 4, 5, 3, NoVal>>>>  TRUE
<<{1, 2, 3, 4, 5}, <<4, 1, 5, 3, NoVal>>>>  TRUE
<<{1, 2, 3, 4}, {}>>  TRUE
<<{1, 2, 3, 4}, {}>>  TRUE
<<{1, 2, 3, 4, 5}, <<2, 4, 1, 5, NoVal>>>>  TRUE
<<{1, 2, 3, 4}, {}>>  TRUE
<<{1, 2, 3, 4, 5}, <<2, 4, 5, 3, NoVal>>>>  TRUE
<<{1, 2, 3, 4, 5}, <<4, 1, 2, 5, NoVal>>>>  TRUE
<<{1, 2, 3, 4}, {}>>  TRUE
<<{1, 2, 3, 4}, {}>>  TRUE
<<{1, 2, 3, 4, 5}, <<2, 4, 1, 5, NoVal>>>>  TRUE
<<{1, 2, 3, 4}, {}>>  TRUE
<<{1, 2, 3, 4, 5}, <<2, 4, 5, 3, NoVal>>>>  TRUE
<<{1, 2, 3, 4, 5}, <<4, 1, 2, 5, NoVal>>>>  TRUE
<<{1, 2, 3, 4}, {}>>  TRUE
<<{1, 2, 3, 4}, {}>>  TRUE
<<{1, 2, 3, 4, 5}, <<2, 4, 1, 5, NoVal>>>>  TRUE
<<{1, 2, 3, 4}, {}>>  TRUE
<<{1, 2, 3, 4, 5}, <<2, 4, 5, 3, NoVal>>>>  TRUE
<<{1, 2, 3, 4, 5}, <<4, 3, 1, 5, NoVal>>>>  TRUE
<<{1, 2, 3, 4}, {}>>  TRUE
<<{1, 2, 3, 4}, {}>>  TRUE
<<{1, 2, 3, 4, 5}, <<2, 4, 1, 5, NoVal>>>>  TRUE
<<{1, 2, 3, 4}, {}>>  TRUE
<<{1, 2, 3, 4, 5}, <<3, 4, 2, 5, NoVal>>>>  TRUE
<<{1, 2, 3, 4, 5}, <<4, 1, 5, 3, NoVal>>>>  TRUE
<<{1, 2, 3, 4}, {}>>  TRUE
<<{1, 2, 3, 4}, {}>>  TRUE
<<{1, 2, 3, 4, 5}, <<4, 3, 1, 5, NoVal>>>>  TRUE
<<{1, 2, 3, 4}, {}>>  TRUE
<<{1, 2, 3, 4, 5}, <<3, 4, 2, 5, NoVal>>>>  TRUE
<<{1, 2, 3, 4, 5}, <<3, 1, 4, 5, NoVal>>>>  TRUE
<<{1, 2, 3, 4}, {}>>  TRUE
<<{1, 2, 3, 4}, {}>>  TRUE
<<{1, 2, 3, 4, 5}, <<4, 3, 1, 5, NoVal>>>>  TRUE
<<{1, 2, 3, 4}, {}>>  TRUE
<<{1, 2, 3, 4, 5}, <<3, 4, 2, 5, NoVal>>>>  TRUE
<<{1, 2, 3, 4, 5}, <<4, 1, 5, 3, NoVal>>>>  TRUE
<<{1, 2, 3, 4}, {}>>  TRUE
<<{1, 2, 3, 4, 5}, <<3, 1, 4, 5, NoVal>>>>  TRUE
<<{1, 2, 3, 4, 5}, <<4, 3, 1, 5, NoVal>>>>  TRUE
<<{1, 2, 3, 4}, {}>>  TRUE
<<{1, 2, 3, 4}, {}>>  TRUE
<<{1, 2, 3, 4, 5}, <<3, 4, 2, 5, NoVal>>>>  TRUE
<<{1, 2, 3, 4}, {}>>  TRUE
<<{1, 2, 3, 4}, {}>>  TRUE
<<{1, 2, 3, 4, 5}, <<3, 1, 4, 5, NoVal>>>>  TRUE
<<{1, 2, 3, 4, 5}, <<4, 3, 1, 5, NoVal>>>>  TRUE
<<{1, 2, 3, 4}, {}>>  TRUE
<<{1, 2, 3, 4}, {}>>  TRUE
<<{1, 2, 3, 4, 5}, <<4, 1, 5, 3, NoVal>>>>  TRUE
<<{1, 2, 3, 4}, {}>>  TRUE
<<{1, 2, 3, 4, 5}, <<3, 1, 4, 5, NoVal>>>>  TRUE
<<{1, 2, 3, 4, 5}, <<3, 4, 2, 5, NoVal>>>>  TRUE
<<{1, 2, 3, 4, 5}, <<2, 3, 4, 5, NoVal>>>>  TRUE
<<{1, 2, 3, 4}, {}>>  TRUE
<<{1, 2, 3, 4}, {}>>  TRUE
<<{1, 2, 3, 4}, {}>>  TRUE
<<{1, 2, 3, 4, 5}, <<2, 3, 4, 5, NoVal>>>>  TRUE
<<{1, 2, 3, 4}, {}>>  TRUE
<<{1, 2, 3, 4, 5}, <<3, 1, 4, 5, NoVal>>>>  TRUE
<<{1, 2, 3, 4}, {}>>  TRUE
<<{1, 2, 3, 4, 5}, <<2, 3, 4, 5, NoVal>>>>  TRUE
<<{1, 2, 3, 4}, {}>>  TRUE
<<{1, 2, 3, 4, 5}, <<2, 3, 4, 5, NoVal>>>>  TRUE
<<{1, 2, 3, 4}, {}>>  TRUE
<<{1, 2, 3, 4, 5}, <<2, 3, 4, 5, NoVal>>>>  TRUE
<<{1, 2, 3, 4}, {}>>  TRUE
@!@!@STARTMSG 2193:0 @!@!@
Model checking completed. No error has been found.
  Estimates of the probability that TLC did not check all reachable states
  because two distinct states had the same fingerprint:
  calculated (optimistic):  val = 1.1E-14
  based on the actual fingerprints:  val = 1.9E-15
@!@!@ENDMSG 2193 @!@!@
@!@!@STARTMSG 2201:0 @!@!@
The coverage statistics at 2018-05-16 05:33:31
@!@!@ENDMSG 2201 @!@!@
@!@!@STARTMSG 2221:0 @!@!@
  line 20, col 18 to line 20, col 29 of module SimpleSpannningTree: 5
@!@!@ENDMSG 2221 @!@!@
@!@!@STARTMSG 2221:0 @!@!@
  line 21, col 18 to line 21, col 39 of module SimpleSpannningTree: 5
@!@!@ENDMSG 2221 @!@!@
@!@!@STARTMSG 2221:0 @!@!@
  line 22, col 30 to line 22, col 33 of module SimpleSpannningTree: 5
@!@!@ENDMSG 2221 @!@!@
@!@!@STARTMSG 2221:0 @!@!@
  line 22, col 36 to line 22, col 40 of module SimpleSpannningTree: 5
@!@!@ENDMSG 2221 @!@!@
@!@!@STARTMSG 2221:0 @!@!@
  line 26, col 21 to line 26, col 45 of module SimpleSpannningTree: 320
@!@!@ENDMSG 2221 @!@!@
@!@!@STARTMSG 2221:0 @!@!@
  line 27, col 21 to line 27, col 43 of module SimpleSpannningTree: 320
@!@!@ENDMSG 2221 @!@!@
@!@!@STARTMSG 2221:0 @!@!@
  line 29, col 24 to line 29, col 51 of module SimpleSpannningTree: 320
@!@!@ENDMSG 2221 @!@!@
@!@!@STARTMSG 2221:0 @!@!@
  line 30, col 31 to line 30, col 35 of module SimpleSpannningTree: 320
@!@!@ENDMSG 2221 @!@!@
@!@!@STARTMSG 2221:0 @!@!@
  line 36, col 27 to line 36, col 31 of module SimpleSpannningTree: 600
@!@!@ENDMSG 2221 @!@!@
@!@!@STARTMSG 2221:0 @!@!@
  line 36, col 34 to line 36, col 39 of module SimpleSpannningTree: 600
@!@!@ENDMSG 2221 @!@!@
@!@!@STARTMSG 2221:0 @!@!@
  line 36, col 42 to line 36, col 45 of module SimpleSpannningTree: 600
@!@!@ENDMSG 2221 @!@!@
@!@!@STARTMSG 2221:0 @!@!@
  line 36, col 48 to line 36, col 52 of module SimpleSpannningTree: 600
@!@!@ENDMSG 2221 @!@!@
@!@!@STARTMSG 2202:0 @!@!@
End of statistics.
@!@!@ENDMSG 2202 @!@!@
@!@!@STARTMSG 2200:0 @!@!@
Progress(6) at 2018-05-16 05:33:31: 926 states generated (16,496 s/min), 326 distinct states found (5,807 ds/min), 0 states left on queue.
@!@!@ENDMSG 2200 @!@!@
@!@!@STARTMSG 2199:0 @!@!@
926 states generated, 326 distinct states found, 0 states left on queue.
@!@!@ENDMSG 2199 @!@!@
@!@!@STARTMSG 2194:0 @!@!@
The depth of the complete state graph search is 6.
@!@!@ENDMSG 2194 @!@!@
@!@!@STARTMSG 2268:0 @!@!@
The average outdegree of the complete state graph is 1 (minimum is 0, the maximum 5 and the 95th percentile is 3).
@!@!@ENDMSG 2268 @!@!@
@!@!@STARTMSG 2186:0 @!@!@
Finished in 3534ms at (2018-05-16 05:33:31)
@!@!@ENDMSG 2186 @!@!@
